<?xml version="1.0" encoding="UTF-8"?>
<testng-results skipped="0" failed="0" total="58" passed="58">
  <reporter-output>
  </reporter-output>
  <suite name="ESBTestSuite" duration-ms="86691" started-at="2014-07-03T18:37:21Z" finished-at="2014-07-03T18:38:48Z">
    <groups>
      <group name="java.lang.reflect.Method">
        <method signature="org.wso2.carbon.connector.integration.test.evernote.EvernoteConnectorIntegrationTest.getSearchNegativeParams()" name="getSearchNegativeParams" class="org.wso2.carbon.connector.integration.test.evernote.EvernoteConnectorIntegrationTest"/>
        <method signature="org.wso2.carbon.connector.integration.test.evernote.EvernoteConnectorIntegrationTest.testCreateNoteMandatoryParams()" name="testCreateNoteMandatoryParams" class="org.wso2.carbon.connector.integration.test.evernote.EvernoteConnectorIntegrationTest"/>
        <method signature="org.wso2.carbon.connector.integration.test.evernote.EvernoteConnectorIntegrationTest.testCreateNoteNegativeParams()" name="testCreateNoteNegativeParams" class="org.wso2.carbon.connector.integration.test.evernote.EvernoteConnectorIntegrationTest"/>
        <method signature="org.wso2.carbon.connector.integration.test.evernote.EvernoteConnectorIntegrationTest.testCreateNoteOptionalParams()" name="testCreateNoteOptionalParams" class="org.wso2.carbon.connector.integration.test.evernote.EvernoteConnectorIntegrationTest"/>
        <method signature="org.wso2.carbon.connector.integration.test.evernote.EvernoteConnectorIntegrationTest.testCreateNotebookMandatoryParams()" name="testCreateNotebookMandatoryParams" class="org.wso2.carbon.connector.integration.test.evernote.EvernoteConnectorIntegrationTest"/>
        <method signature="org.wso2.carbon.connector.integration.test.evernote.EvernoteConnectorIntegrationTest.testCreateNotebookNegativeParams()" name="testCreateNotebookNegativeParams" class="org.wso2.carbon.connector.integration.test.evernote.EvernoteConnectorIntegrationTest"/>
        <method signature="org.wso2.carbon.connector.integration.test.evernote.EvernoteConnectorIntegrationTest.testCreateNotebookOptionalParams()" name="testCreateNotebookOptionalParams" class="org.wso2.carbon.connector.integration.test.evernote.EvernoteConnectorIntegrationTest"/>
        <method signature="org.wso2.carbon.connector.integration.test.evernote.EvernoteConnectorIntegrationTest.testCreateSearchMandatoryParams()" name="testCreateSearchMandatoryParams" class="org.wso2.carbon.connector.integration.test.evernote.EvernoteConnectorIntegrationTest"/>
        <method signature="org.wso2.carbon.connector.integration.test.evernote.EvernoteConnectorIntegrationTest.testCreateSearchNegativeParams()" name="testCreateSearchNegativeParams" class="org.wso2.carbon.connector.integration.test.evernote.EvernoteConnectorIntegrationTest"/>
        <method signature="org.wso2.carbon.connector.integration.test.evernote.EvernoteConnectorIntegrationTest.testCreateSearchOptionalParams()" name="testCreateSearchOptionalParams" class="org.wso2.carbon.connector.integration.test.evernote.EvernoteConnectorIntegrationTest"/>
        <method signature="org.wso2.carbon.connector.integration.test.evernote.EvernoteConnectorIntegrationTest.testCreateSharedNotebookMandatoryParams()" name="testCreateSharedNotebookMandatoryParams" class="org.wso2.carbon.connector.integration.test.evernote.EvernoteConnectorIntegrationTest"/>
        <method signature="org.wso2.carbon.connector.integration.test.evernote.EvernoteConnectorIntegrationTest.testCreateSharedNotebookNegativeParams()" name="testCreateSharedNotebookNegativeParams" class="org.wso2.carbon.connector.integration.test.evernote.EvernoteConnectorIntegrationTest"/>
        <method signature="org.wso2.carbon.connector.integration.test.evernote.EvernoteConnectorIntegrationTest.testCreateTagMandatoryParams()" name="testCreateTagMandatoryParams" class="org.wso2.carbon.connector.integration.test.evernote.EvernoteConnectorIntegrationTest"/>
        <method signature="org.wso2.carbon.connector.integration.test.evernote.EvernoteConnectorIntegrationTest.testCreateTagNegativeParams()" name="testCreateTagNegativeParams" class="org.wso2.carbon.connector.integration.test.evernote.EvernoteConnectorIntegrationTest"/>
        <method signature="org.wso2.carbon.connector.integration.test.evernote.EvernoteConnectorIntegrationTest.testCreateTagOptionalParams()" name="testCreateTagOptionalParams" class="org.wso2.carbon.connector.integration.test.evernote.EvernoteConnectorIntegrationTest"/>
        <method signature="org.wso2.carbon.connector.integration.test.evernote.EvernoteConnectorIntegrationTest.testDeleteNoteMandatoryParams()" name="testDeleteNoteMandatoryParams" class="org.wso2.carbon.connector.integration.test.evernote.EvernoteConnectorIntegrationTest"/>
        <method signature="org.wso2.carbon.connector.integration.test.evernote.EvernoteConnectorIntegrationTest.testDeleteNoteNegativeParams()" name="testDeleteNoteNegativeParams" class="org.wso2.carbon.connector.integration.test.evernote.EvernoteConnectorIntegrationTest"/>
        <method signature="org.wso2.carbon.connector.integration.test.evernote.EvernoteConnectorIntegrationTest.testExpungeNoteMandatoryParams()" name="testExpungeNoteMandatoryParams" class="org.wso2.carbon.connector.integration.test.evernote.EvernoteConnectorIntegrationTest"/>
        <method signature="org.wso2.carbon.connector.integration.test.evernote.EvernoteConnectorIntegrationTest.testExpungeNoteNegativeParams()" name="testExpungeNoteNegativeParams" class="org.wso2.carbon.connector.integration.test.evernote.EvernoteConnectorIntegrationTest"/>
        <method signature="org.wso2.carbon.connector.integration.test.evernote.EvernoteConnectorIntegrationTest.testExpungeNotebookMandatoryParams()" name="testExpungeNotebookMandatoryParams" class="org.wso2.carbon.connector.integration.test.evernote.EvernoteConnectorIntegrationTest"/>
        <method signature="org.wso2.carbon.connector.integration.test.evernote.EvernoteConnectorIntegrationTest.testExpungeNotebookNegativeParams()" name="testExpungeNotebookNegativeParams" class="org.wso2.carbon.connector.integration.test.evernote.EvernoteConnectorIntegrationTest"/>
        <method signature="org.wso2.carbon.connector.integration.test.evernote.EvernoteConnectorIntegrationTest.testExpungeSearchMandatoryParams()" name="testExpungeSearchMandatoryParams" class="org.wso2.carbon.connector.integration.test.evernote.EvernoteConnectorIntegrationTest"/>
        <method signature="org.wso2.carbon.connector.integration.test.evernote.EvernoteConnectorIntegrationTest.testExpungeSearchNegativeParams()" name="testExpungeSearchNegativeParams" class="org.wso2.carbon.connector.integration.test.evernote.EvernoteConnectorIntegrationTest"/>
        <method signature="org.wso2.carbon.connector.integration.test.evernote.EvernoteConnectorIntegrationTest.testExpungeTagMandatoryParams()" name="testExpungeTagMandatoryParams" class="org.wso2.carbon.connector.integration.test.evernote.EvernoteConnectorIntegrationTest"/>
        <method signature="org.wso2.carbon.connector.integration.test.evernote.EvernoteConnectorIntegrationTest.testExpungeTagNegativeParams()" name="testExpungeTagNegativeParams" class="org.wso2.carbon.connector.integration.test.evernote.EvernoteConnectorIntegrationTest"/>
        <method signature="org.wso2.carbon.connector.integration.test.evernote.EvernoteConnectorIntegrationTest.testFindNotesMetaDataMandatoryParams()" name="testFindNotesMetaDataMandatoryParams" class="org.wso2.carbon.connector.integration.test.evernote.EvernoteConnectorIntegrationTest"/>
        <method signature="org.wso2.carbon.connector.integration.test.evernote.EvernoteConnectorIntegrationTest.testFindNotesMetaDataNegativeParams()" name="testFindNotesMetaDataNegativeParams" class="org.wso2.carbon.connector.integration.test.evernote.EvernoteConnectorIntegrationTest"/>
        <method signature="org.wso2.carbon.connector.integration.test.evernote.EvernoteConnectorIntegrationTest.testFindNotesMetaDataOptionalParams()" name="testFindNotesMetaDataOptionalParams" class="org.wso2.carbon.connector.integration.test.evernote.EvernoteConnectorIntegrationTest"/>
        <method signature="org.wso2.carbon.connector.integration.test.evernote.EvernoteConnectorIntegrationTest.testGetNoteMandatoryParams()" name="testGetNoteMandatoryParams" class="org.wso2.carbon.connector.integration.test.evernote.EvernoteConnectorIntegrationTest"/>
        <method signature="org.wso2.carbon.connector.integration.test.evernote.EvernoteConnectorIntegrationTest.testGetNoteNegativeParams()" name="testGetNoteNegativeParams" class="org.wso2.carbon.connector.integration.test.evernote.EvernoteConnectorIntegrationTest"/>
        <method signature="org.wso2.carbon.connector.integration.test.evernote.EvernoteConnectorIntegrationTest.testGetNotebookMandatoryParams()" name="testGetNotebookMandatoryParams" class="org.wso2.carbon.connector.integration.test.evernote.EvernoteConnectorIntegrationTest"/>
        <method signature="org.wso2.carbon.connector.integration.test.evernote.EvernoteConnectorIntegrationTest.testGetNotebookNegativeParams()" name="testGetNotebookNegativeParams" class="org.wso2.carbon.connector.integration.test.evernote.EvernoteConnectorIntegrationTest"/>
        <method signature="org.wso2.carbon.connector.integration.test.evernote.EvernoteConnectorIntegrationTest.testGetSearchMandatoryParams()" name="testGetSearchMandatoryParams" class="org.wso2.carbon.connector.integration.test.evernote.EvernoteConnectorIntegrationTest"/>
        <method signature="org.wso2.carbon.connector.integration.test.evernote.EvernoteConnectorIntegrationTest.testGetTagMandatoryParams()" name="testGetTagMandatoryParams" class="org.wso2.carbon.connector.integration.test.evernote.EvernoteConnectorIntegrationTest"/>
        <method signature="org.wso2.carbon.connector.integration.test.evernote.EvernoteConnectorIntegrationTest.testGetTagNegativeParams()" name="testGetTagNegativeParams" class="org.wso2.carbon.connector.integration.test.evernote.EvernoteConnectorIntegrationTest"/>
        <method signature="org.wso2.carbon.connector.integration.test.evernote.EvernoteConnectorIntegrationTest.testListNotebooksMandatoryParams()" name="testListNotebooksMandatoryParams" class="org.wso2.carbon.connector.integration.test.evernote.EvernoteConnectorIntegrationTest"/>
        <method signature="org.wso2.carbon.connector.integration.test.evernote.EvernoteConnectorIntegrationTest.testListNotebooksNegativeParams()" name="testListNotebooksNegativeParams" class="org.wso2.carbon.connector.integration.test.evernote.EvernoteConnectorIntegrationTest"/>
        <method signature="org.wso2.carbon.connector.integration.test.evernote.EvernoteConnectorIntegrationTest.testListTagsMandatoryParams()" name="testListTagsMandatoryParams" class="org.wso2.carbon.connector.integration.test.evernote.EvernoteConnectorIntegrationTest"/>
        <method signature="org.wso2.carbon.connector.integration.test.evernote.EvernoteConnectorIntegrationTest.testShareNoteMandatoryParams()" name="testShareNoteMandatoryParams" class="org.wso2.carbon.connector.integration.test.evernote.EvernoteConnectorIntegrationTest"/>
        <method signature="org.wso2.carbon.connector.integration.test.evernote.EvernoteConnectorIntegrationTest.testShareNoteNegativeParams()" name="testShareNoteNegativeParams" class="org.wso2.carbon.connector.integration.test.evernote.EvernoteConnectorIntegrationTest"/>
        <method signature="org.wso2.carbon.connector.integration.test.evernote.EvernoteConnectorIntegrationTest.testStopSharingNoteMandatoryParams()" name="testStopSharingNoteMandatoryParams" class="org.wso2.carbon.connector.integration.test.evernote.EvernoteConnectorIntegrationTest"/>
        <method signature="org.wso2.carbon.connector.integration.test.evernote.EvernoteConnectorIntegrationTest.testStopSharingNoteNegativeParams()" name="testStopSharingNoteNegativeParams" class="org.wso2.carbon.connector.integration.test.evernote.EvernoteConnectorIntegrationTest"/>
        <method signature="org.wso2.carbon.connector.integration.test.evernote.EvernoteConnectorIntegrationTest.testUntagAllMandatoryParams()" name="testUntagAllMandatoryParams" class="org.wso2.carbon.connector.integration.test.evernote.EvernoteConnectorIntegrationTest"/>
        <method signature="org.wso2.carbon.connector.integration.test.evernote.EvernoteConnectorIntegrationTest.testUpdateNoteMandatoryParams()" name="testUpdateNoteMandatoryParams" class="org.wso2.carbon.connector.integration.test.evernote.EvernoteConnectorIntegrationTest"/>
        <method signature="org.wso2.carbon.connector.integration.test.evernote.EvernoteConnectorIntegrationTest.testUpdateNoteNegativeParams()" name="testUpdateNoteNegativeParams" class="org.wso2.carbon.connector.integration.test.evernote.EvernoteConnectorIntegrationTest"/>
        <method signature="org.wso2.carbon.connector.integration.test.evernote.EvernoteConnectorIntegrationTest.testUpdateNoteOptionalParams()" name="testUpdateNoteOptionalParams" class="org.wso2.carbon.connector.integration.test.evernote.EvernoteConnectorIntegrationTest"/>
        <method signature="org.wso2.carbon.connector.integration.test.evernote.EvernoteConnectorIntegrationTest.testUpdateNotebookMandatoryParams()" name="testUpdateNotebookMandatoryParams" class="org.wso2.carbon.connector.integration.test.evernote.EvernoteConnectorIntegrationTest"/>
        <method signature="org.wso2.carbon.connector.integration.test.evernote.EvernoteConnectorIntegrationTest.testUpdateNotebookNegativeParams()" name="testUpdateNotebookNegativeParams" class="org.wso2.carbon.connector.integration.test.evernote.EvernoteConnectorIntegrationTest"/>
        <method signature="org.wso2.carbon.connector.integration.test.evernote.EvernoteConnectorIntegrationTest.testUpdateNotebookOptionalParams()" name="testUpdateNotebookOptionalParams" class="org.wso2.carbon.connector.integration.test.evernote.EvernoteConnectorIntegrationTest"/>
        <method signature="org.wso2.carbon.connector.integration.test.evernote.EvernoteConnectorIntegrationTest.testUpdateSearchMandatoryParams()" name="testUpdateSearchMandatoryParams" class="org.wso2.carbon.connector.integration.test.evernote.EvernoteConnectorIntegrationTest"/>
        <method signature="org.wso2.carbon.connector.integration.test.evernote.EvernoteConnectorIntegrationTest.testUpdateSearchNegativeParams()" name="testUpdateSearchNegativeParams" class="org.wso2.carbon.connector.integration.test.evernote.EvernoteConnectorIntegrationTest"/>
        <method signature="org.wso2.carbon.connector.integration.test.evernote.EvernoteConnectorIntegrationTest.testUpdateSearchOptionalParams()" name="testUpdateSearchOptionalParams" class="org.wso2.carbon.connector.integration.test.evernote.EvernoteConnectorIntegrationTest"/>
        <method signature="org.wso2.carbon.connector.integration.test.evernote.EvernoteConnectorIntegrationTest.testUpdateSharedNotebookMandatoryParams()" name="testUpdateSharedNotebookMandatoryParams" class="org.wso2.carbon.connector.integration.test.evernote.EvernoteConnectorIntegrationTest"/>
        <method signature="org.wso2.carbon.connector.integration.test.evernote.EvernoteConnectorIntegrationTest.testUpdateSharedNotebookNegativeParams()" name="testUpdateSharedNotebookNegativeParams" class="org.wso2.carbon.connector.integration.test.evernote.EvernoteConnectorIntegrationTest"/>
        <method signature="org.wso2.carbon.connector.integration.test.evernote.EvernoteConnectorIntegrationTest.testUpdateTagMandatoryParams()" name="testUpdateTagMandatoryParams" class="org.wso2.carbon.connector.integration.test.evernote.EvernoteConnectorIntegrationTest"/>
        <method signature="org.wso2.carbon.connector.integration.test.evernote.EvernoteConnectorIntegrationTest.testunTagAllNegativeParams()" name="testunTagAllNegativeParams" class="org.wso2.carbon.connector.integration.test.evernote.EvernoteConnectorIntegrationTest"/>
        <method signature="org.wso2.carbon.connector.integration.test.evernote.EvernoteConnectorIntegrationTest.testupdateTagNegativeParams()" name="testupdateTagNegativeParams" class="org.wso2.carbon.connector.integration.test.evernote.EvernoteConnectorIntegrationTest"/>
        <method signature="org.wso2.carbon.connector.integration.test.evernote.EvernoteConnectorIntegrationTest.testupdateTagOptionalParams()" name="testupdateTagOptionalParams" class="org.wso2.carbon.connector.integration.test.evernote.EvernoteConnectorIntegrationTest"/>
      </group>
    </groups>
    <test name="Evernote-Connector-Test" duration-ms="86691" started-at="2014-07-03T18:37:21Z" finished-at="2014-07-03T18:38:48Z">
      <class name="org.wso2.carbon.connector.integration.test.evernote.EvernoteConnectorIntegrationTest">
        <test-method status="PASS" signature="setEnvironment()" name="setEnvironment" is-config="true" duration-ms="53215" started-at="2014-07-03T18:37:21Z" finished-at="2014-07-03T18:38:15Z">
        </test-method>
        <test-method status="PASS" signature="testCreateTagMandatoryParams()" name="testCreateTagMandatoryParams" duration-ms="1312" started-at="2014-07-03T18:38:15Z" description="Evernote {createTag} Mandatory Parameters integration test." finished-at="2014-07-03T18:38:16Z">
        </test-method>
        <test-method status="PASS" signature="testCreateNoteMandatoryParams()" name="testCreateNoteMandatoryParams" duration-ms="469" started-at="2014-07-03T18:38:16Z" description="Evernote {createNote} Mandatory Parameters integration test." finished-at="2014-07-03T18:38:16Z">
        </test-method>
        <test-method status="PASS" signature="testCreateNoteOptionalParams()" name="testCreateNoteOptionalParams" duration-ms="7801" started-at="2014-07-03T18:38:16Z" description="Evernote {createNote} Optional Parameters integration test." finished-at="2014-07-03T18:38:24Z">
        </test-method>
        <test-method status="PASS" signature="testCreateNotebookMandatoryParams()" name="testCreateNotebookMandatoryParams" duration-ms="341" started-at="2014-07-03T18:38:24Z" description="Evernote {createNotebook} Mandatory Parameters integration test." finished-at="2014-07-03T18:38:24Z">
        </test-method>
        <test-method status="PASS" signature="testCreateNotebookOptionalParams()" name="testCreateNotebookOptionalParams" duration-ms="317" started-at="2014-07-03T18:38:24Z" description="Evernote {createNotebook} Optional Parameters integration test." finished-at="2014-07-03T18:38:25Z">
        </test-method>
        <test-method status="PASS" signature="testCreateSearchMandatoryParams()" name="testCreateSearchMandatoryParams" duration-ms="309" started-at="2014-07-03T18:38:25Z" description="Evernote {untagAll} Mandatory Parameters integration test." finished-at="2014-07-03T18:38:25Z">
        </test-method>
        <test-method status="PASS" signature="testCreateTagOptionalParams()" name="testCreateTagOptionalParams" duration-ms="324" started-at="2014-07-03T18:38:25Z" description="Evernote {createTag} Optional Parameters integration test." finished-at="2014-07-03T18:38:25Z">
        </test-method>
        <test-method status="PASS" signature="testUpdateTagMandatoryParams()" name="testUpdateTagMandatoryParams" duration-ms="551" started-at="2014-07-03T18:38:25Z" description="Evernote {untagAll} Mandatory Parameters integration test." finished-at="2014-07-03T18:38:26Z">
        </test-method>
        <test-method status="PASS" signature="testCreateSearchOptionalParams()" name="testCreateSearchOptionalParams" duration-ms="335" started-at="2014-07-03T18:38:26Z" description="Evernote {creteSearch} Optional Parameters integration test." finished-at="2014-07-03T18:38:26Z">
        </test-method>
        <test-method status="PASS" signature="testCreateSharedNotebookMandatoryParams()" name="testCreateSharedNotebookMandatoryParams" duration-ms="323" started-at="2014-07-03T18:38:26Z" description="Evernote {createSharedNotebook} Mandatory Parameters integration test." finished-at="2014-07-03T18:38:27Z">
        </test-method>
        <test-method status="PASS" signature="testFindNotesMetaDataMandatoryParams()" name="testFindNotesMetaDataMandatoryParams" duration-ms="325" started-at="2014-07-03T18:38:27Z" description="Evernote {findNotesMetaData} Mandatory Parameters integration test." finished-at="2014-07-03T18:38:27Z">
        </test-method>
        <test-method status="PASS" signature="testGetNoteMandatoryParams()" name="testGetNoteMandatoryParams" duration-ms="305" started-at="2014-07-03T18:38:27Z" description="Evernote {getNote} Mandatory Parameters integration test." finished-at="2014-07-03T18:38:27Z">
        </test-method>
        <test-method status="PASS" signature="testGetNoteNegativeParams()" name="testGetNoteNegativeParams" duration-ms="306" started-at="2014-07-03T18:38:27Z" description="Evernote {getNote} Negative Parameters integration test." finished-at="2014-07-03T18:38:28Z">
        </test-method>
        <test-method status="PASS" signature="testGetNotebookMandatoryParams()" name="testGetNotebookMandatoryParams" duration-ms="292" started-at="2014-07-03T18:38:28Z" description="Evernote {getNotebook} Mandatory Parameters integration test." finished-at="2014-07-03T18:38:28Z">
        </test-method>
        <test-method status="PASS" signature="testGetNotebookNegativeParams()" name="testGetNotebookNegativeParams" duration-ms="282" started-at="2014-07-03T18:38:28Z" description="Evernote {getNotebook} Negative Parameters integration test." finished-at="2014-07-03T18:38:28Z">
        </test-method>
        <test-method status="PASS" signature="testGetSearchMandatoryParams()" name="testGetSearchMandatoryParams" duration-ms="301" started-at="2014-07-03T18:38:28Z" description="Evernote {getSearch} Mandatory Parameters integration test." finished-at="2014-07-03T18:38:28Z">
        </test-method>
        <test-method status="PASS" signature="testGetTagMandatoryParams()" name="testGetTagMandatoryParams" duration-ms="286" started-at="2014-07-03T18:38:28Z" description="Evernote {getTag} Mandatory Parameters integration test." finished-at="2014-07-03T18:38:29Z">
        </test-method>
        <test-method status="PASS" signature="testGetTagNegativeParams()" name="testGetTagNegativeParams" duration-ms="296" started-at="2014-07-03T18:38:29Z" description="Evernote {getTag} Negative Parameters integration test." finished-at="2014-07-03T18:38:29Z">
        </test-method>
        <test-method status="PASS" signature="testListNotebooksMandatoryParams()" name="testListNotebooksMandatoryParams" duration-ms="288" started-at="2014-07-03T18:38:29Z" description="Evernote {listNotebooks} Mandatory Parameters integration test." finished-at="2014-07-03T18:38:29Z">
        </test-method>
        <test-method status="PASS" signature="testListTagsMandatoryParams()" name="testListTagsMandatoryParams" duration-ms="316" started-at="2014-07-03T18:38:29Z" description="Evernote {listTags} Mandatory Parameters integration test." finished-at="2014-07-03T18:38:30Z">
        </test-method>
        <test-method status="PASS" signature="testShareNoteMandatoryParams()" name="testShareNoteMandatoryParams" duration-ms="388" started-at="2014-07-03T18:38:30Z" description="Evernote {shareNote} Mandatory Parameters integration test." finished-at="2014-07-03T18:38:30Z">
        </test-method>
        <test-method status="PASS" signature="testShareNoteNegativeParams()" name="testShareNoteNegativeParams" duration-ms="286" started-at="2014-07-03T18:38:30Z" description="Evernote {shareNote} Negative Parameters integration test." finished-at="2014-07-03T18:38:30Z">
        </test-method>
        <test-method status="PASS" signature="testUntagAllMandatoryParams()" name="testUntagAllMandatoryParams" duration-ms="305" started-at="2014-07-03T18:38:30Z" description="Evernote {untagAll} Mandatory Parameters integration test." finished-at="2014-07-03T18:38:31Z">
        </test-method>
        <test-method status="PASS" signature="testUpdateNotebookMandatoryParams()" name="testUpdateNotebookMandatoryParams" duration-ms="539" started-at="2014-07-03T18:38:31Z" description="Evernote {updateNotebook} Mandatory Parameters integration test." finished-at="2014-07-03T18:38:31Z">
        </test-method>
        <test-method status="PASS" signature="testUpdateNotebookOptionalParams()" name="testUpdateNotebookOptionalParams" duration-ms="536" started-at="2014-07-03T18:38:31Z" description="Evernote {updateNotebook} Optional Parameters integration test." finished-at="2014-07-03T18:38:32Z">
        </test-method>
        <test-method status="PASS" signature="testUpdateSearchMandatoryParams()" name="testUpdateSearchMandatoryParams" duration-ms="523" started-at="2014-07-03T18:38:32Z" description="Evernote {updateSearch} Mandatory Parameters integration test." finished-at="2014-07-03T18:38:32Z">
        </test-method>
        <test-method status="PASS" signature="testUpdateSharedNotebookMandatoryParams()" name="testUpdateSharedNotebookMandatoryParams" duration-ms="342" started-at="2014-07-03T18:38:32Z" description="Evernote {updateSharedNotebook} Mandatory Parameters integration test." finished-at="2014-07-03T18:38:33Z">
        </test-method>
        <test-method status="PASS" signature="testUpdateSharedNotebookNegativeParams()" name="testUpdateSharedNotebookNegativeParams" duration-ms="285" started-at="2014-07-03T18:38:33Z" description="Evernote {updateSharedNotebook} Negative Parameters integration test." finished-at="2014-07-03T18:38:33Z">
        </test-method>
        <test-method status="PASS" signature="testunTagAllNegativeParams()" name="testunTagAllNegativeParams" duration-ms="281" started-at="2014-07-03T18:38:33Z" description="Evernote {getTag} Negative Parameters integration test." finished-at="2014-07-03T18:38:33Z">
        </test-method>
        <test-method status="PASS" signature="testupdateTagOptionalParams()" name="testupdateTagOptionalParams" duration-ms="521" started-at="2014-07-03T18:38:33Z" description="Evernote {untagAll} Mandatory Parameters integration test." finished-at="2014-07-03T18:38:34Z">
        </test-method>
        <test-method status="PASS" signature="getSearchNegativeParams()" name="getSearchNegativeParams" duration-ms="287" started-at="2014-07-03T18:38:34Z" description="Evernote {getSearch} Negative Parameters integration test." finished-at="2014-07-03T18:38:34Z">
        </test-method>
        <test-method status="PASS" signature="testCreateNoteNegativeParams()" name="testCreateNoteNegativeParams" duration-ms="283" started-at="2014-07-03T18:38:34Z" description="Evernote {createNote} Negative Parameters integration test." finished-at="2014-07-03T18:38:34Z">
        </test-method>
        <test-method status="PASS" signature="testCreateNotebookNegativeParams()" name="testCreateNotebookNegativeParams" duration-ms="57" started-at="2014-07-03T18:38:34Z" description="Evernote {createNotebook} Negative Parameters integration test." finished-at="2014-07-03T18:38:34Z">
        </test-method>
        <test-method status="PASS" signature="testCreateSearchNegativeParams()" name="testCreateSearchNegativeParams" duration-ms="282" started-at="2014-07-03T18:38:34Z" description="Evernote {untagAll} Mandatory Parameters integration test." finished-at="2014-07-03T18:38:35Z">
        </test-method>
        <test-method status="PASS" signature="testCreateSharedNotebookNegativeParams()" name="testCreateSharedNotebookNegativeParams" duration-ms="291" started-at="2014-07-03T18:38:35Z" description="Evernote {createSharedNotebook} Negative Parameters integration test." finished-at="2014-07-03T18:38:35Z">
        </test-method>
        <test-method status="PASS" signature="testCreateTagNegativeParams()" name="testCreateTagNegativeParams" duration-ms="286" started-at="2014-07-03T18:38:35Z" description="Evernote {createTag} Negative Parameters integration test." finished-at="2014-07-03T18:38:35Z">
        </test-method>
        <test-method status="PASS" signature="testFindNotesMetaDataNegativeParams()" name="testFindNotesMetaDataNegativeParams" duration-ms="65" started-at="2014-07-03T18:38:35Z" description="Evernote {findNotesMetaData} Negative Parameters integration test." finished-at="2014-07-03T18:38:35Z">
        </test-method>
        <test-method status="PASS" signature="testFindNotesMetaDataOptionalParams()" name="testFindNotesMetaDataOptionalParams" duration-ms="338" started-at="2014-07-03T18:38:35Z" description="Evernote {findNotesMetaData} Optional Parameters integration test." finished-at="2014-07-03T18:38:36Z">
        </test-method>
        <test-method status="PASS" signature="testListNotebooksNegativeParams()" name="testListNotebooksNegativeParams" duration-ms="287" started-at="2014-07-03T18:38:36Z" description="Evernote {listNotebooks} negative Parameters integration test." finished-at="2014-07-03T18:38:36Z">
        </test-method>
        <test-method status="PASS" signature="testStopSharingNoteMandatoryParams()" name="testStopSharingNoteMandatoryParams" duration-ms="402" started-at="2014-07-03T18:38:36Z" description="Evernote {stopSharingNote} Mandatory Parameters integration test." finished-at="2014-07-03T18:38:36Z">
        </test-method>
        <test-method status="PASS" signature="testStopSharingNoteNegativeParams()" name="testStopSharingNoteNegativeParams" duration-ms="295" started-at="2014-07-03T18:38:36Z" description="Evernote {stopSharingNote} Negative Parameters integration test." finished-at="2014-07-03T18:38:36Z">
        </test-method>
        <test-method status="PASS" signature="testUpdateNoteMandatoryParams()" name="testUpdateNoteMandatoryParams" duration-ms="611" started-at="2014-07-03T18:38:36Z" description="Evernote {updateNote} Mandatory Parameters integration test." finished-at="2014-07-03T18:38:37Z">
        </test-method>
        <test-method status="PASS" signature="testUpdateNoteOptionalParams()" name="testUpdateNoteOptionalParams" duration-ms="5565" started-at="2014-07-03T18:38:37Z" description="Evernote {updateNote} Optional Parameters integration test." finished-at="2014-07-03T18:38:43Z">
        </test-method>
        <test-method status="PASS" signature="testUpdateNotebookNegativeParams()" name="testUpdateNotebookNegativeParams" duration-ms="529" started-at="2014-07-03T18:38:43Z" description="Evernote {negativeNotebook} Optional Parameters integration test." finished-at="2014-07-03T18:38:43Z">
        </test-method>
        <test-method status="PASS" signature="testUpdateSearchNegativeParams()" name="testUpdateSearchNegativeParams" duration-ms="304" started-at="2014-07-03T18:38:43Z" description="Evernote {updateSearch} Negative Parameters integration test." finished-at="2014-07-03T18:38:44Z">
        </test-method>
        <test-method status="PASS" signature="testUpdateSearchOptionalParams()" name="testUpdateSearchOptionalParams" duration-ms="518" started-at="2014-07-03T18:38:44Z" description="Evernote {updateSearch} Optional Parameters integration test." finished-at="2014-07-03T18:38:44Z">
        </test-method>
        <test-method status="PASS" signature="testupdateTagNegativeParams()" name="testupdateTagNegativeParams" duration-ms="518" started-at="2014-07-03T18:38:44Z" description="Evernote {untagAll} Mandatory Parameters integration test." finished-at="2014-07-03T18:38:45Z">
        </test-method>
        <test-method status="PASS" signature="testDeleteNoteMandatoryParams()" name="testDeleteNoteMandatoryParams" duration-ms="383" started-at="2014-07-03T18:38:45Z" description="Evernote {deleteNote} Mandatory Parameters integration test." finished-at="2014-07-03T18:38:45Z">
        </test-method>
        <test-method status="PASS" signature="testExpungeNotebookMandatoryParams()" name="testExpungeNotebookMandatoryParams" duration-ms="304" started-at="2014-07-03T18:38:45Z" description="Evernote {expungeNotebook} Mandatory Parameters integration test." finished-at="2014-07-03T18:38:45Z">
        </test-method>
        <test-method status="PASS" signature="testExpungeNotebookNegativeParams()" name="testExpungeNotebookNegativeParams" duration-ms="288" started-at="2014-07-03T18:38:45Z" description="Evernote {expungeNotebook} Mandatory Parameters integration test." finished-at="2014-07-03T18:38:46Z">
        </test-method>
        <test-method status="PASS" signature="testExpungeSearchMandatoryParams()" name="testExpungeSearchMandatoryParams" duration-ms="295" started-at="2014-07-03T18:38:46Z" description="Evernote {expungeSearch} Mandatory Parameters integration test." finished-at="2014-07-03T18:38:46Z">
        </test-method>
        <test-method status="PASS" signature="testExpungeSearchNegativeParams()" name="testExpungeSearchNegativeParams" duration-ms="348" started-at="2014-07-03T18:38:46Z" description="Evernote {expungeSearch} Negative Parameters integration test." finished-at="2014-07-03T18:38:46Z">
        </test-method>
        <test-method status="PASS" signature="testExpungeTagMandatoryParams()" name="testExpungeTagMandatoryParams" duration-ms="296" started-at="2014-07-03T18:38:46Z" description="Evernote {expungeTag} Mandatory Parameters integration test." finished-at="2014-07-03T18:38:46Z">
        </test-method>
        <test-method status="PASS" signature="testExpungeTagNegativeParams()" name="testExpungeTagNegativeParams" duration-ms="297" started-at="2014-07-03T18:38:46Z" description="Evernote {expungeTag} Negative Parameters integration test." finished-at="2014-07-03T18:38:47Z">
        </test-method>
        <test-method status="PASS" signature="testUpdateNoteNegativeParams()" name="testUpdateNoteNegativeParams" duration-ms="276" started-at="2014-07-03T18:38:47Z" description="Evernote {NegativeNote} Optional Parameters integration test." finished-at="2014-07-03T18:38:47Z">
        </test-method>
        <test-method status="PASS" signature="testDeleteNoteNegativeParams()" name="testDeleteNoteNegativeParams" duration-ms="309" started-at="2014-07-03T18:38:47Z" description="Evernote {deleteNote} Negative Parameters integration test." finished-at="2014-07-03T18:38:47Z">
        </test-method>
        <test-method status="PASS" signature="testExpungeNoteMandatoryParams()" name="testExpungeNoteMandatoryParams" duration-ms="294" started-at="2014-07-03T18:38:47Z" description="Evernote {expungeNote} Mandatory Parameters integration test." finished-at="2014-07-03T18:38:48Z">
        </test-method>
        <test-method status="PASS" signature="testExpungeNoteNegativeParams()" name="testExpungeNoteNegativeParams" duration-ms="279" started-at="2014-07-03T18:38:48Z" description="Evernote {expungeNote} Negative Parameters integration test." finished-at="2014-07-03T18:38:48Z">
        </test-method>
        <test-method status="PASS" signature="cleanUpEsb()" name="cleanUpEsb" is-config="true" duration-ms="42" started-at="2014-07-03T18:38:48Z" finished-at="2014-07-03T18:38:48Z">
        </test-method>
      </class>
    </test>
  </suite>
</testng-results>
