<?xml version="1.0" encoding="UTF-8" ?>
<testsuite failures="0" time="33.371" errors="0" skipped="0" tests="58" name="TestSuite">
  <properties>
[...]
</properties>
  <testcase time="1.314" classname="org.wso2.carbon.connector.integration.test.evernote.EvernoteConnectorIntegrationTest" name="testCreateTagMandatoryParams"/>
  <testcase time="0.467" classname="org.wso2.carbon.connector.integration.test.evernote.EvernoteConnectorIntegrationTest" name="testCreateNoteMandatoryParams"/>
  <testcase time="7.801" classname="org.wso2.carbon.connector.integration.test.evernote.EvernoteConnectorIntegrationTest" name="testCreateNoteOptionalParams"/>
  <testcase time="0.341" classname="org.wso2.carbon.connector.integration.test.evernote.EvernoteConnectorIntegrationTest" name="testCreateNotebookMandatoryParams"/>
  <testcase time="0.316" classname="org.wso2.carbon.connector.integration.test.evernote.EvernoteConnectorIntegrationTest" name="testCreateNotebookOptionalParams"/>
  <testcase time="0.309" classname="org.wso2.carbon.connector.integration.test.evernote.EvernoteConnectorIntegrationTest" name="testCreateSearchMandatoryParams"/>
  <testcase time="0.324" classname="org.wso2.carbon.connector.integration.test.evernote.EvernoteConnectorIntegrationTest" name="testCreateTagOptionalParams"/>
  <testcase time="0.55" classname="org.wso2.carbon.connector.integration.test.evernote.EvernoteConnectorIntegrationTest" name="testUpdateTagMandatoryParams"/>
  <testcase time="0.334" classname="org.wso2.carbon.connector.integration.test.evernote.EvernoteConnectorIntegrationTest" name="testCreateSearchOptionalParams"/>
  <testcase time="0.324" classname="org.wso2.carbon.connector.integration.test.evernote.EvernoteConnectorIntegrationTest" name="testCreateSharedNotebookMandatoryParams"/>
  <testcase time="0.326" classname="org.wso2.carbon.connector.integration.test.evernote.EvernoteConnectorIntegrationTest" name="testFindNotesMetaDataMandatoryParams"/>
  <testcase time="0.305" classname="org.wso2.carbon.connector.integration.test.evernote.EvernoteConnectorIntegrationTest" name="testGetNoteMandatoryParams"/>
  <testcase time="0.305" classname="org.wso2.carbon.connector.integration.test.evernote.EvernoteConnectorIntegrationTest" name="testGetNoteNegativeParams"/>
  <testcase time="0.293" classname="org.wso2.carbon.connector.integration.test.evernote.EvernoteConnectorIntegrationTest" name="testGetNotebookMandatoryParams"/>
  <testcase time="0.282" classname="org.wso2.carbon.connector.integration.test.evernote.EvernoteConnectorIntegrationTest" name="testGetNotebookNegativeParams"/>
  <testcase time="0.301" classname="org.wso2.carbon.connector.integration.test.evernote.EvernoteConnectorIntegrationTest" name="testGetSearchMandatoryParams"/>
  <testcase time="0.286" classname="org.wso2.carbon.connector.integration.test.evernote.EvernoteConnectorIntegrationTest" name="testGetTagMandatoryParams"/>
  <testcase time="0.296" classname="org.wso2.carbon.connector.integration.test.evernote.EvernoteConnectorIntegrationTest" name="testGetTagNegativeParams"/>
  <testcase time="0.288" classname="org.wso2.carbon.connector.integration.test.evernote.EvernoteConnectorIntegrationTest" name="testListNotebooksMandatoryParams"/>
  <testcase time="0.317" classname="org.wso2.carbon.connector.integration.test.evernote.EvernoteConnectorIntegrationTest" name="testListTagsMandatoryParams"/>
  <testcase time="0.388" classname="org.wso2.carbon.connector.integration.test.evernote.EvernoteConnectorIntegrationTest" name="testShareNoteMandatoryParams"/>
  <testcase time="0.285" classname="org.wso2.carbon.connector.integration.test.evernote.EvernoteConnectorIntegrationTest" name="testShareNoteNegativeParams"/>
  <testcase time="0.305" classname="org.wso2.carbon.connector.integration.test.evernote.EvernoteConnectorIntegrationTest" name="testUntagAllMandatoryParams"/>
  <testcase time="0.536" classname="org.wso2.carbon.connector.integration.test.evernote.EvernoteConnectorIntegrationTest" name="testUpdateNotebookMandatoryParams"/>
  <testcase time="0.536" classname="org.wso2.carbon.connector.integration.test.evernote.EvernoteConnectorIntegrationTest" name="testUpdateNotebookOptionalParams"/>
  <testcase time="0.524" classname="org.wso2.carbon.connector.integration.test.evernote.EvernoteConnectorIntegrationTest" name="testUpdateSearchMandatoryParams"/>
  <testcase time="0.342" classname="org.wso2.carbon.connector.integration.test.evernote.EvernoteConnectorIntegrationTest" name="testUpdateSharedNotebookMandatoryParams"/>
  <testcase time="0.285" classname="org.wso2.carbon.connector.integration.test.evernote.EvernoteConnectorIntegrationTest" name="testUpdateSharedNotebookNegativeParams"/>
  <testcase time="0.28" classname="org.wso2.carbon.connector.integration.test.evernote.EvernoteConnectorIntegrationTest" name="testunTagAllNegativeParams"/>
  <testcase time="0.521" classname="org.wso2.carbon.connector.integration.test.evernote.EvernoteConnectorIntegrationTest" name="testupdateTagOptionalParams"/>
  <testcase time="0.286" classname="org.wso2.carbon.connector.integration.test.evernote.EvernoteConnectorIntegrationTest" name="getSearchNegativeParams"/>
  <testcase time="0.283" classname="org.wso2.carbon.connector.integration.test.evernote.EvernoteConnectorIntegrationTest" name="testCreateNoteNegativeParams"/>
  <testcase time="0.057" classname="org.wso2.carbon.connector.integration.test.evernote.EvernoteConnectorIntegrationTest" name="testCreateNotebookNegativeParams"/>
  <testcase time="0.282" classname="org.wso2.carbon.connector.integration.test.evernote.EvernoteConnectorIntegrationTest" name="testCreateSearchNegativeParams"/>
  <testcase time="0.291" classname="org.wso2.carbon.connector.integration.test.evernote.EvernoteConnectorIntegrationTest" name="testCreateSharedNotebookNegativeParams"/>
  <testcase time="0.286" classname="org.wso2.carbon.connector.integration.test.evernote.EvernoteConnectorIntegrationTest" name="testCreateTagNegativeParams"/>
  <testcase time="0.065" classname="org.wso2.carbon.connector.integration.test.evernote.EvernoteConnectorIntegrationTest" name="testFindNotesMetaDataNegativeParams"/>
  <testcase time="0.337" classname="org.wso2.carbon.connector.integration.test.evernote.EvernoteConnectorIntegrationTest" name="testFindNotesMetaDataOptionalParams"/>
  <testcase time="0.287" classname="org.wso2.carbon.connector.integration.test.evernote.EvernoteConnectorIntegrationTest" name="testListNotebooksNegativeParams"/>
  <testcase time="0.403" classname="org.wso2.carbon.connector.integration.test.evernote.EvernoteConnectorIntegrationTest" name="testStopSharingNoteMandatoryParams"/>
  <testcase time="0.296" classname="org.wso2.carbon.connector.integration.test.evernote.EvernoteConnectorIntegrationTest" name="testStopSharingNoteNegativeParams"/>
  <testcase time="0.611" classname="org.wso2.carbon.connector.integration.test.evernote.EvernoteConnectorIntegrationTest" name="testUpdateNoteMandatoryParams"/>
  <testcase time="5.565" classname="org.wso2.carbon.connector.integration.test.evernote.EvernoteConnectorIntegrationTest" name="testUpdateNoteOptionalParams"/>
  <testcase time="0.53" classname="org.wso2.carbon.connector.integration.test.evernote.EvernoteConnectorIntegrationTest" name="testUpdateNotebookNegativeParams"/>
  <testcase time="0.304" classname="org.wso2.carbon.connector.integration.test.evernote.EvernoteConnectorIntegrationTest" name="testUpdateSearchNegativeParams"/>
  <testcase time="0.519" classname="org.wso2.carbon.connector.integration.test.evernote.EvernoteConnectorIntegrationTest" name="testUpdateSearchOptionalParams"/>
  <testcase time="0.517" classname="org.wso2.carbon.connector.integration.test.evernote.EvernoteConnectorIntegrationTest" name="testupdateTagNegativeParams"/>
  <testcase time="0.383" classname="org.wso2.carbon.connector.integration.test.evernote.EvernoteConnectorIntegrationTest" name="testDeleteNoteMandatoryParams"/>
  <testcase time="0.304" classname="org.wso2.carbon.connector.integration.test.evernote.EvernoteConnectorIntegrationTest" name="testExpungeNotebookMandatoryParams"/>
  <testcase time="0.288" classname="org.wso2.carbon.connector.integration.test.evernote.EvernoteConnectorIntegrationTest" name="testExpungeNotebookNegativeParams"/>
  <testcase time="0.295" classname="org.wso2.carbon.connector.integration.test.evernote.EvernoteConnectorIntegrationTest" name="testExpungeSearchMandatoryParams"/>
  <testcase time="0.349" classname="org.wso2.carbon.connector.integration.test.evernote.EvernoteConnectorIntegrationTest" name="testExpungeSearchNegativeParams"/>
  <testcase time="0.297" classname="org.wso2.carbon.connector.integration.test.evernote.EvernoteConnectorIntegrationTest" name="testExpungeTagMandatoryParams"/>
  <testcase time="0.297" classname="org.wso2.carbon.connector.integration.test.evernote.EvernoteConnectorIntegrationTest" name="testExpungeTagNegativeParams"/>
  <testcase time="0.276" classname="org.wso2.carbon.connector.integration.test.evernote.EvernoteConnectorIntegrationTest" name="testUpdateNoteNegativeParams"/>
  <testcase time="0.309" classname="org.wso2.carbon.connector.integration.test.evernote.EvernoteConnectorIntegrationTest" name="testDeleteNoteNegativeParams"/>
  <testcase time="0.294" classname="org.wso2.carbon.connector.integration.test.evernote.EvernoteConnectorIntegrationTest" name="testExpungeNoteMandatoryParams"/>
  <testcase time="0.279" classname="org.wso2.carbon.connector.integration.test.evernote.EvernoteConnectorIntegrationTest" name="testExpungeNoteNegativeParams"/>
</testsuite>