<?xml version="1.0" encoding="UTF-8"?>
<testsuite hostname="ian-TECRA-M11" name="org.wso2.carbon.connector.integration.test.foursquare.FoursquareConnectorIntegrationTest" tests="31" failures="0" timestamp="7 Jul 2014 11:23:11 GMT" time="99.28" errors="0">
  <testcase name="testaddCheckinsWithMandatoryParameters" time="3.972" classname="org.wso2.carbon.connector.integration.test.foursquare.FoursquareConnectorIntegrationTest"/>
  <testcase name="testapproveFriendsWithMandatoryFields" time="0.694" classname="org.wso2.carbon.connector.integration.test.foursquare.FoursquareConnectorIntegrationTest"/>
  <testcase name="testapproveFriendsWithNegativeCase" time="1.564" classname="org.wso2.carbon.connector.integration.test.foursquare.FoursquareConnectorIntegrationTest"/>
  <testcase name="testgetCheckinDetailsNegativeCase" time="0.669" classname="org.wso2.carbon.connector.integration.test.foursquare.FoursquareConnectorIntegrationTest"/>
  <testcase name="testgetCheckinDetailsWithMandatoryFields" time="2.839" classname="org.wso2.carbon.connector.integration.test.foursquare.FoursquareConnectorIntegrationTest"/>
  <testcase name="testgetCheckinDetailsWithOptionalFields" time="2.291" classname="org.wso2.carbon.connector.integration.test.foursquare.FoursquareConnectorIntegrationTest"/>
  <testcase name="testgetCheckinRecentMandatoryParameters" time="2.629" classname="org.wso2.carbon.connector.integration.test.foursquare.FoursquareConnectorIntegrationTest"/>
  <testcase name="testgetUserDetailsWithMandatoryFields" time="2.781" classname="org.wso2.carbon.connector.integration.test.foursquare.FoursquareConnectorIntegrationTest"/>
  <testcase name="testgetUserDetailsWithNegativeCase" time="0.685" classname="org.wso2.carbon.connector.integration.test.foursquare.FoursquareConnectorIntegrationTest"/>
  <testcase name="testunFriendsWithMandatoryFields" time="0.363" classname="org.wso2.carbon.connector.integration.test.foursquare.FoursquareConnectorIntegrationTest"/>
  <testcase name="testunFriendsWithNegativeFields" time="0.825" classname="org.wso2.carbon.connector.integration.test.foursquare.FoursquareConnectorIntegrationTest"/>
  <testcase name="testaddCheckinCommentMandatoryParameters" time="0.759" classname="org.wso2.carbon.connector.integration.test.foursquare.FoursquareConnectorIntegrationTest"/>
  <testcase name="testaddCheckinCommentNegativeParameters" time="0.699" classname="org.wso2.carbon.connector.integration.test.foursquare.FoursquareConnectorIntegrationTest"/>
  <testcase name="testaddCheckinsWithNegativeParameters" time="1.204" classname="org.wso2.carbon.connector.integration.test.foursquare.FoursquareConnectorIntegrationTest"/>
  <testcase name="testdeleteCheckinCommentMandatoryParameters" time="1.647" classname="org.wso2.carbon.connector.integration.test.foursquare.FoursquareConnectorIntegrationTest"/>
  <testcase name="testdeleteCheckinCommentNegativeParameters" time="1.652" classname="org.wso2.carbon.connector.integration.test.foursquare.FoursquareConnectorIntegrationTest"/>
  <testcase name="testgetBadgeDetailsWithMandatoryFields" time="3.641" classname="org.wso2.carbon.connector.integration.test.foursquare.FoursquareConnectorIntegrationTest"/>
  <testcase name="testgetBadgeDetailsWithNegativeCase" time="1.351" classname="org.wso2.carbon.connector.integration.test.foursquare.FoursquareConnectorIntegrationTest"/>
  <testcase name="testgetCheckinRecentNegativeParameters" time="0.693" classname="org.wso2.carbon.connector.integration.test.foursquare.FoursquareConnectorIntegrationTest"/>
  <testcase name="testgetCheckinRecentOptionalParameters" time="3.831" classname="org.wso2.carbon.connector.integration.test.foursquare.FoursquareConnectorIntegrationTest"/>
  <testcase name="testgetFriendDetailsWithMandatoryFields" time="0.909" classname="org.wso2.carbon.connector.integration.test.foursquare.FoursquareConnectorIntegrationTest"/>
  <testcase name="testgetFriendDetailsWithNegativeCase" time="0.685" classname="org.wso2.carbon.connector.integration.test.foursquare.FoursquareConnectorIntegrationTest"/>
  <testcase name="testgetFriendDetailsWithOptionalFields" time="0.689" classname="org.wso2.carbon.connector.integration.test.foursquare.FoursquareConnectorIntegrationTest"/>
  <testcase name="testgetMayorshipDetailsWithMandatoryFields" time="0.673" classname="org.wso2.carbon.connector.integration.test.foursquare.FoursquareConnectorIntegrationTest"/>
  <testcase name="testgetMayorshipDetailsWithNegativeCase" time="0.657" classname="org.wso2.carbon.connector.integration.test.foursquare.FoursquareConnectorIntegrationTest"/>
  <testcase name="testgetTipsDetailsWithMandatoryFields" time="2.21" classname="org.wso2.carbon.connector.integration.test.foursquare.FoursquareConnectorIntegrationTest"/>
  <testcase name="testgetTipsDetailsWithNegativeCase" time="0.68" classname="org.wso2.carbon.connector.integration.test.foursquare.FoursquareConnectorIntegrationTest"/>
  <testcase name="testgetTipsDetailsWithOptionlaFields" time="0.742" classname="org.wso2.carbon.connector.integration.test.foursquare.FoursquareConnectorIntegrationTest"/>
  <testcase name="testgetUserCheckinDetailsWithMandatoryFields" time="2.266" classname="org.wso2.carbon.connector.integration.test.foursquare.FoursquareConnectorIntegrationTest"/>
  <testcase name="testgetUserCheckinsWithNegativeCase" time="0.668" classname="org.wso2.carbon.connector.integration.test.foursquare.FoursquareConnectorIntegrationTest"/>
  <testcase name="testgetUserCheckinsWithOptionalFields" time="0.828" classname="org.wso2.carbon.connector.integration.test.foursquare.FoursquareConnectorIntegrationTest"/>
</testsuite>
