<?xml version="1.0" encoding="UTF-8"?>
<testsuite hostname="udeesha-laptop" name="org.wso2.carbon.connector.integration.test.evernote.EvernoteConnectorIntegrationTest" tests="58" failures="0" timestamp="3 Jul 2014 13:08:48 GMT" time="86.691" errors="0">
  <testcase name="testCreateTagMandatoryParams" time="1.312" classname="org.wso2.carbon.connector.integration.test.evernote.EvernoteConnectorIntegrationTest"/>
  <testcase name="testCreateNoteMandatoryParams" time="0.469" classname="org.wso2.carbon.connector.integration.test.evernote.EvernoteConnectorIntegrationTest"/>
  <testcase name="testCreateNoteOptionalParams" time="7.801" classname="org.wso2.carbon.connector.integration.test.evernote.EvernoteConnectorIntegrationTest"/>
  <testcase name="testCreateNotebookMandatoryParams" time="0.341" classname="org.wso2.carbon.connector.integration.test.evernote.EvernoteConnectorIntegrationTest"/>
  <testcase name="testCreateNotebookOptionalParams" time="0.317" classname="org.wso2.carbon.connector.integration.test.evernote.EvernoteConnectorIntegrationTest"/>
  <testcase name="testCreateSearchMandatoryParams" time="0.309" classname="org.wso2.carbon.connector.integration.test.evernote.EvernoteConnectorIntegrationTest"/>
  <testcase name="testCreateTagOptionalParams" time="0.324" classname="org.wso2.carbon.connector.integration.test.evernote.EvernoteConnectorIntegrationTest"/>
  <testcase name="testUpdateTagMandatoryParams" time="0.551" classname="org.wso2.carbon.connector.integration.test.evernote.EvernoteConnectorIntegrationTest"/>
  <testcase name="testCreateSearchOptionalParams" time="0.335" classname="org.wso2.carbon.connector.integration.test.evernote.EvernoteConnectorIntegrationTest"/>
  <testcase name="testCreateSharedNotebookMandatoryParams" time="0.323" classname="org.wso2.carbon.connector.integration.test.evernote.EvernoteConnectorIntegrationTest"/>
  <testcase name="testFindNotesMetaDataMandatoryParams" time="0.325" classname="org.wso2.carbon.connector.integration.test.evernote.EvernoteConnectorIntegrationTest"/>
  <testcase name="testGetNoteMandatoryParams" time="0.305" classname="org.wso2.carbon.connector.integration.test.evernote.EvernoteConnectorIntegrationTest"/>
  <testcase name="testGetNoteNegativeParams" time="0.306" classname="org.wso2.carbon.connector.integration.test.evernote.EvernoteConnectorIntegrationTest"/>
  <testcase name="testGetNotebookMandatoryParams" time="0.292" classname="org.wso2.carbon.connector.integration.test.evernote.EvernoteConnectorIntegrationTest"/>
  <testcase name="testGetNotebookNegativeParams" time="0.282" classname="org.wso2.carbon.connector.integration.test.evernote.EvernoteConnectorIntegrationTest"/>
  <testcase name="testGetSearchMandatoryParams" time="0.301" classname="org.wso2.carbon.connector.integration.test.evernote.EvernoteConnectorIntegrationTest"/>
  <testcase name="testGetTagMandatoryParams" time="0.286" classname="org.wso2.carbon.connector.integration.test.evernote.EvernoteConnectorIntegrationTest"/>
  <testcase name="testGetTagNegativeParams" time="0.296" classname="org.wso2.carbon.connector.integration.test.evernote.EvernoteConnectorIntegrationTest"/>
  <testcase name="testListNotebooksMandatoryParams" time="0.288" classname="org.wso2.carbon.connector.integration.test.evernote.EvernoteConnectorIntegrationTest"/>
  <testcase name="testListTagsMandatoryParams" time="0.316" classname="org.wso2.carbon.connector.integration.test.evernote.EvernoteConnectorIntegrationTest"/>
  <testcase name="testShareNoteMandatoryParams" time="0.388" classname="org.wso2.carbon.connector.integration.test.evernote.EvernoteConnectorIntegrationTest"/>
  <testcase name="testShareNoteNegativeParams" time="0.286" classname="org.wso2.carbon.connector.integration.test.evernote.EvernoteConnectorIntegrationTest"/>
  <testcase name="testUntagAllMandatoryParams" time="0.305" classname="org.wso2.carbon.connector.integration.test.evernote.EvernoteConnectorIntegrationTest"/>
  <testcase name="testUpdateNotebookMandatoryParams" time="0.539" classname="org.wso2.carbon.connector.integration.test.evernote.EvernoteConnectorIntegrationTest"/>
  <testcase name="testUpdateNotebookOptionalParams" time="0.536" classname="org.wso2.carbon.connector.integration.test.evernote.EvernoteConnectorIntegrationTest"/>
  <testcase name="testUpdateSearchMandatoryParams" time="0.523" classname="org.wso2.carbon.connector.integration.test.evernote.EvernoteConnectorIntegrationTest"/>
  <testcase name="testUpdateSharedNotebookMandatoryParams" time="0.342" classname="org.wso2.carbon.connector.integration.test.evernote.EvernoteConnectorIntegrationTest"/>
  <testcase name="testUpdateSharedNotebookNegativeParams" time="0.285" classname="org.wso2.carbon.connector.integration.test.evernote.EvernoteConnectorIntegrationTest"/>
  <testcase name="testunTagAllNegativeParams" time="0.281" classname="org.wso2.carbon.connector.integration.test.evernote.EvernoteConnectorIntegrationTest"/>
  <testcase name="testupdateTagOptionalParams" time="0.521" classname="org.wso2.carbon.connector.integration.test.evernote.EvernoteConnectorIntegrationTest"/>
  <testcase name="getSearchNegativeParams" time="0.287" classname="org.wso2.carbon.connector.integration.test.evernote.EvernoteConnectorIntegrationTest"/>
  <testcase name="testCreateNoteNegativeParams" time="0.283" classname="org.wso2.carbon.connector.integration.test.evernote.EvernoteConnectorIntegrationTest"/>
  <testcase name="testCreateNotebookNegativeParams" time="0.057" classname="org.wso2.carbon.connector.integration.test.evernote.EvernoteConnectorIntegrationTest"/>
  <testcase name="testCreateSearchNegativeParams" time="0.282" classname="org.wso2.carbon.connector.integration.test.evernote.EvernoteConnectorIntegrationTest"/>
  <testcase name="testCreateSharedNotebookNegativeParams" time="0.291" classname="org.wso2.carbon.connector.integration.test.evernote.EvernoteConnectorIntegrationTest"/>
  <testcase name="testCreateTagNegativeParams" time="0.286" classname="org.wso2.carbon.connector.integration.test.evernote.EvernoteConnectorIntegrationTest"/>
  <testcase name="testFindNotesMetaDataNegativeParams" time="0.065" classname="org.wso2.carbon.connector.integration.test.evernote.EvernoteConnectorIntegrationTest"/>
  <testcase name="testFindNotesMetaDataOptionalParams" time="0.338" classname="org.wso2.carbon.connector.integration.test.evernote.EvernoteConnectorIntegrationTest"/>
  <testcase name="testListNotebooksNegativeParams" time="0.287" classname="org.wso2.carbon.connector.integration.test.evernote.EvernoteConnectorIntegrationTest"/>
  <testcase name="testStopSharingNoteMandatoryParams" time="0.402" classname="org.wso2.carbon.connector.integration.test.evernote.EvernoteConnectorIntegrationTest"/>
  <testcase name="testStopSharingNoteNegativeParams" time="0.295" classname="org.wso2.carbon.connector.integration.test.evernote.EvernoteConnectorIntegrationTest"/>
  <testcase name="testUpdateNoteMandatoryParams" time="0.611" classname="org.wso2.carbon.connector.integration.test.evernote.EvernoteConnectorIntegrationTest"/>
  <testcase name="testUpdateNoteOptionalParams" time="5.565" classname="org.wso2.carbon.connector.integration.test.evernote.EvernoteConnectorIntegrationTest"/>
  <testcase name="testUpdateNotebookNegativeParams" time="0.529" classname="org.wso2.carbon.connector.integration.test.evernote.EvernoteConnectorIntegrationTest"/>
  <testcase name="testUpdateSearchNegativeParams" time="0.304" classname="org.wso2.carbon.connector.integration.test.evernote.EvernoteConnectorIntegrationTest"/>
  <testcase name="testUpdateSearchOptionalParams" time="0.518" classname="org.wso2.carbon.connector.integration.test.evernote.EvernoteConnectorIntegrationTest"/>
  <testcase name="testupdateTagNegativeParams" time="0.518" classname="org.wso2.carbon.connector.integration.test.evernote.EvernoteConnectorIntegrationTest"/>
  <testcase name="testDeleteNoteMandatoryParams" time="0.383" classname="org.wso2.carbon.connector.integration.test.evernote.EvernoteConnectorIntegrationTest"/>
  <testcase name="testExpungeNotebookMandatoryParams" time="0.304" classname="org.wso2.carbon.connector.integration.test.evernote.EvernoteConnectorIntegrationTest"/>
  <testcase name="testExpungeNotebookNegativeParams" time="0.288" classname="org.wso2.carbon.connector.integration.test.evernote.EvernoteConnectorIntegrationTest"/>
  <testcase name="testExpungeSearchMandatoryParams" time="0.295" classname="org.wso2.carbon.connector.integration.test.evernote.EvernoteConnectorIntegrationTest"/>
  <testcase name="testExpungeSearchNegativeParams" time="0.348" classname="org.wso2.carbon.connector.integration.test.evernote.EvernoteConnectorIntegrationTest"/>
  <testcase name="testExpungeTagMandatoryParams" time="0.296" classname="org.wso2.carbon.connector.integration.test.evernote.EvernoteConnectorIntegrationTest"/>
  <testcase name="testExpungeTagNegativeParams" time="0.297" classname="org.wso2.carbon.connector.integration.test.evernote.EvernoteConnectorIntegrationTest"/>
  <testcase name="testUpdateNoteNegativeParams" time="0.276" classname="org.wso2.carbon.connector.integration.test.evernote.EvernoteConnectorIntegrationTest"/>
  <testcase name="testDeleteNoteNegativeParams" time="0.309" classname="org.wso2.carbon.connector.integration.test.evernote.EvernoteConnectorIntegrationTest"/>
  <testcase name="testExpungeNoteMandatoryParams" time="0.294" classname="org.wso2.carbon.connector.integration.test.evernote.EvernoteConnectorIntegrationTest"/>
  <testcase name="testExpungeNoteNegativeParams" time="0.279" classname="org.wso2.carbon.connector.integration.test.evernote.EvernoteConnectorIntegrationTest"/>
</testsuite>
