<?xml version="1.0" encoding="UTF-8" ?>
<testsuite failures="0" time="122.938" errors="0" skipped="0" tests="99" name="TestSuite">
  <properties>
[...]
</properties>
  <testcase time="0.995" classname="org.wso2.carbon.connector.integration.test.soundcloud.SoundcloudConnectorIntegrationTest" name="testDeleteCommentOfTrackWithNegativeCase"/>
  <testcase time="0.801" classname="org.wso2.carbon.connector.integration.test.soundcloud.SoundcloudConnectorIntegrationTest" name="testGetAppByIdWithMandatoryParameters"/>
  <testcase time="1.041" classname="org.wso2.carbon.connector.integration.test.soundcloud.SoundcloudConnectorIntegrationTest" name="testGetAppsWithMandatoryParameters"/>
  <testcase time="0.371" classname="org.wso2.carbon.connector.integration.test.soundcloud.SoundcloudConnectorIntegrationTest" name="testGetCommentOfTrackWithMandatoryParameters"/>
  <testcase time="1.076" classname="org.wso2.carbon.connector.integration.test.soundcloud.SoundcloudConnectorIntegrationTest" name="testGetCommentsByIdOfTrackWithMandatoryParameters"/>
  <testcase time="4.3" classname="org.wso2.carbon.connector.integration.test.soundcloud.SoundcloudConnectorIntegrationTest" name="testGetContributorsOfGroupByIdWithMandatoryParameters"/>
  <testcase time="1.602" classname="org.wso2.carbon.connector.integration.test.soundcloud.SoundcloudConnectorIntegrationTest" name="testGetEmbedContentWithMandatoryParameters"/>
  <testcase time="0.475" classname="org.wso2.carbon.connector.integration.test.soundcloud.SoundcloudConnectorIntegrationTest" name="testGetFavoritersByIdOfTrackWithMandatoryParameters"/>
  <testcase time="0.526" classname="org.wso2.carbon.connector.integration.test.soundcloud.SoundcloudConnectorIntegrationTest" name="testGetGroupByIdWithMandatoryParameters"/>
  <testcase time="18.658" classname="org.wso2.carbon.connector.integration.test.soundcloud.SoundcloudConnectorIntegrationTest" name="testGetGroupsWithMandatoryParameters"/>
  <testcase time="7.357" classname="org.wso2.carbon.connector.integration.test.soundcloud.SoundcloudConnectorIntegrationTest" name="testGetMembersOfGroupByIdWithMandatoryParameters"/>
  <testcase time="0.398" classname="org.wso2.carbon.connector.integration.test.soundcloud.SoundcloudConnectorIntegrationTest" name="testGetModeratorsOfGroupByIdWithMandatoryParameters"/>
  <testcase time="0.421" classname="org.wso2.carbon.connector.integration.test.soundcloud.SoundcloudConnectorIntegrationTest" name="testGetPlaylistByIdWithMandatoryParameters"/>
  <testcase time="0.315" classname="org.wso2.carbon.connector.integration.test.soundcloud.SoundcloudConnectorIntegrationTest" name="testGetTrackByIdWithMandatoryParameters"/>
  <testcase time="3.463" classname="org.wso2.carbon.connector.integration.test.soundcloud.SoundcloudConnectorIntegrationTest" name="testGetTracksOfAppWithMandatoryParameters"/>
  <testcase time="4.106" classname="org.wso2.carbon.connector.integration.test.soundcloud.SoundcloudConnectorIntegrationTest" name="testGetTracksOfGroupByIdWithMandatoryParameters"/>
  <testcase time="2.402" classname="org.wso2.carbon.connector.integration.test.soundcloud.SoundcloudConnectorIntegrationTest" name="testGetTracksWithMandatoryParameters"/>
  <testcase time="12.948" classname="org.wso2.carbon.connector.integration.test.soundcloud.SoundcloudConnectorIntegrationTest" name="testGetUsersOfGroupByIdWithMandatoryParameters"/>
  <testcase time="1.706" classname="org.wso2.carbon.connector.integration.test.soundcloud.SoundcloudConnectorIntegrationTest" name="testResolveAllGroupsOfUserWithMandatoryParameters"/>
  <testcase time="0.972" classname="org.wso2.carbon.connector.integration.test.soundcloud.SoundcloudConnectorIntegrationTest" name="testResolveAllTracksOfUserWithMandatoryParameters"/>
  <testcase time="0.977" classname="org.wso2.carbon.connector.integration.test.soundcloud.SoundcloudConnectorIntegrationTest" name="testResolveAppWithMandatoryParameters"/>
  <testcase time="0.984" classname="org.wso2.carbon.connector.integration.test.soundcloud.SoundcloudConnectorIntegrationTest" name="testResolveTrackWithMandatoryParameters"/>
  <testcase time="0.945" classname="org.wso2.carbon.connector.integration.test.soundcloud.SoundcloudConnectorIntegrationTest" name="testResolveUserWithMandatoryParameters"/>
  <testcase time="1.477" classname="org.wso2.carbon.connector.integration.test.soundcloud.SoundcloudConnectorIntegrationTest" name="testSoundcloudActivitiesAffiliatedOptional"/>
  <testcase time="3.5" classname="org.wso2.carbon.connector.integration.test.soundcloud.SoundcloudConnectorIntegrationTest" name="testSoundcloudActivitiesAffiliatedPositive"/>
  <testcase time="0.432" classname="org.wso2.carbon.connector.integration.test.soundcloud.SoundcloudConnectorIntegrationTest" name="testSoundcloudActivitiesExclusiveOptional"/>
  <testcase time="0.447" classname="org.wso2.carbon.connector.integration.test.soundcloud.SoundcloudConnectorIntegrationTest" name="testSoundcloudActivitiesExclusivePositive"/>
  <testcase time="4.111" classname="org.wso2.carbon.connector.integration.test.soundcloud.SoundcloudConnectorIntegrationTest" name="testSoundcloudActivitiesPositive"/>
  <testcase time="2.996" classname="org.wso2.carbon.connector.integration.test.soundcloud.SoundcloudConnectorIntegrationTest" name="testSoundcloudAllActivitiesPositive"/>
  <testcase time="4.035" classname="org.wso2.carbon.connector.integration.test.soundcloud.SoundcloudConnectorIntegrationTest" name="testSoundcloudAllCommentsPositive"/>
  <testcase time="0.581" classname="org.wso2.carbon.connector.integration.test.soundcloud.SoundcloudConnectorIntegrationTest" name="testSoundcloudAllOwnActivitiesPositive"/>
  <testcase time="0.398" classname="org.wso2.carbon.connector.integration.test.soundcloud.SoundcloudConnectorIntegrationTest" name="testSoundcloudCommentsNegative"/>
  <testcase time="0.403" classname="org.wso2.carbon.connector.integration.test.soundcloud.SoundcloudConnectorIntegrationTest" name="testSoundcloudCommentsPositive"/>
  <testcase time="0.4" classname="org.wso2.carbon.connector.integration.test.soundcloud.SoundcloudConnectorIntegrationTest" name="testSoundcloudGetConnectionByIdPositive"/>
  <testcase time="0.401" classname="org.wso2.carbon.connector.integration.test.soundcloud.SoundcloudConnectorIntegrationTest" name="testSoundcloudGetConnectionsPositive"/>
  <testcase time="0.496" classname="org.wso2.carbon.connector.integration.test.soundcloud.SoundcloudConnectorIntegrationTest" name="testSoundcloudGetMePositive"/>
  <testcase time="0.806" classname="org.wso2.carbon.connector.integration.test.soundcloud.SoundcloudConnectorIntegrationTest" name="testSoundcloudGetUserCommentsPositive"/>
  <testcase time="0.466" classname="org.wso2.carbon.connector.integration.test.soundcloud.SoundcloudConnectorIntegrationTest" name="testSoundcloudGetUserFavoritesPositive"/>
  <testcase time="0.414" classname="org.wso2.carbon.connector.integration.test.soundcloud.SoundcloudConnectorIntegrationTest" name="testSoundcloudGetUserFollowersPositive"/>
  <testcase time="0.503" classname="org.wso2.carbon.connector.integration.test.soundcloud.SoundcloudConnectorIntegrationTest" name="testSoundcloudGetUserFollowingsPositive"/>
  <testcase time="0.434" classname="org.wso2.carbon.connector.integration.test.soundcloud.SoundcloudConnectorIntegrationTest" name="testSoundcloudGetUserGroupsPositive"/>
  <testcase time="0.816" classname="org.wso2.carbon.connector.integration.test.soundcloud.SoundcloudConnectorIntegrationTest" name="testSoundcloudGetUserPlaylistsPositive"/>
  <testcase time="0.339" classname="org.wso2.carbon.connector.integration.test.soundcloud.SoundcloudConnectorIntegrationTest" name="testSoundcloudGetUserPositive"/>
  <testcase time="0.36" classname="org.wso2.carbon.connector.integration.test.soundcloud.SoundcloudConnectorIntegrationTest" name="testSoundcloudGetUserTracksPositive"/>
  <testcase time="0.847" classname="org.wso2.carbon.connector.integration.test.soundcloud.SoundcloudConnectorIntegrationTest" name="testSoundcloudGetUserWebProfilesPositive"/>
  <testcase time="0.33" classname="org.wso2.carbon.connector.integration.test.soundcloud.SoundcloudConnectorIntegrationTest" name="testSoundcloudSearchUserPositive"/>
  <testcase time="0.968" classname="org.wso2.carbon.connector.integration.test.soundcloud.SoundcloudConnectorIntegrationTest" name="testSoundcloudSetConnectionsNegative"/>
  <testcase time="1.036" classname="org.wso2.carbon.connector.integration.test.soundcloud.SoundcloudConnectorIntegrationTest" name="testSoundcloudSetConnectionsPositive"/>
  <testcase time="0.424" classname="org.wso2.carbon.connector.integration.test.soundcloud.SoundcloudConnectorIntegrationTest" name="testSoundcloudgetAllCommentsNegative"/>
  <testcase time="0.203" classname="org.wso2.carbon.connector.integration.test.soundcloud.SoundcloudConnectorIntegrationTest" name="testDeleteTrackWithNegativeCase"/>
  <testcase time="0.377" classname="org.wso2.carbon.connector.integration.test.soundcloud.SoundcloudConnectorIntegrationTest" name="testGetAppByIdWithNegativeCase"/>
  <testcase time="0.419" classname="org.wso2.carbon.connector.integration.test.soundcloud.SoundcloudConnectorIntegrationTest" name="testGetAppsWithNegativeCase"/>
  <testcase time="0.386" classname="org.wso2.carbon.connector.integration.test.soundcloud.SoundcloudConnectorIntegrationTest" name="testGetCommentOfTrackWithNegativeCase"/>
  <testcase time="0.398" classname="org.wso2.carbon.connector.integration.test.soundcloud.SoundcloudConnectorIntegrationTest" name="testGetCommentsByIdOfTrackWithNegativeCase"/>
  <testcase time="0.386" classname="org.wso2.carbon.connector.integration.test.soundcloud.SoundcloudConnectorIntegrationTest" name="testGetContributorsOfGroupByIdWithNegativeCase"/>
  <testcase time="1.15" classname="org.wso2.carbon.connector.integration.test.soundcloud.SoundcloudConnectorIntegrationTest" name="testGetEmbedContentWithNegativeCase"/>
  <testcase time="0.374" classname="org.wso2.carbon.connector.integration.test.soundcloud.SoundcloudConnectorIntegrationTest" name="testGetFavoritersByIdOfTrackWithNegativeCase"/>
  <testcase time="0.588" classname="org.wso2.carbon.connector.integration.test.soundcloud.SoundcloudConnectorIntegrationTest" name="testGetGroupByIdWithNegativeCase"/>
  <testcase time="0.68" classname="org.wso2.carbon.connector.integration.test.soundcloud.SoundcloudConnectorIntegrationTest" name="testGetGroupsWithNegativeCase"/>
  <testcase time="0.389" classname="org.wso2.carbon.connector.integration.test.soundcloud.SoundcloudConnectorIntegrationTest" name="testGetMembersOfGroupByIdWithNegativeCase"/>
  <testcase time="0.406" classname="org.wso2.carbon.connector.integration.test.soundcloud.SoundcloudConnectorIntegrationTest" name="testGetModeratorsOfGroupByIdWithNegativeCase"/>
  <testcase time="0.419" classname="org.wso2.carbon.connector.integration.test.soundcloud.SoundcloudConnectorIntegrationTest" name="testGetPlaylistByIdWithNegativeCase"/>
  <testcase time="0.415" classname="org.wso2.carbon.connector.integration.test.soundcloud.SoundcloudConnectorIntegrationTest" name="testGetTrackByIdWithNegativeCase"/>
  <testcase time="0.495" classname="org.wso2.carbon.connector.integration.test.soundcloud.SoundcloudConnectorIntegrationTest" name="testGetTracksOfAppWithNegativeCase"/>
  <testcase time="0.453" classname="org.wso2.carbon.connector.integration.test.soundcloud.SoundcloudConnectorIntegrationTest" name="testGetTracksOfGroupByIdWithNegativeCase"/>
  <testcase time="0.572" classname="org.wso2.carbon.connector.integration.test.soundcloud.SoundcloudConnectorIntegrationTest" name="testGetTracksWithNegativeCase"/>
  <testcase time="0.414" classname="org.wso2.carbon.connector.integration.test.soundcloud.SoundcloudConnectorIntegrationTest" name="testGetUsersOfGroupByIdWithNegativeCase"/>
  <testcase time="0.503" classname="org.wso2.carbon.connector.integration.test.soundcloud.SoundcloudConnectorIntegrationTest" name="testResolveAllGroupsOfUserWithNegativeCase"/>
  <testcase time="0.499" classname="org.wso2.carbon.connector.integration.test.soundcloud.SoundcloudConnectorIntegrationTest" name="testResolveAllTracksOfUserWithNegativeCase"/>
  <testcase time="0.509" classname="org.wso2.carbon.connector.integration.test.soundcloud.SoundcloudConnectorIntegrationTest" name="testResolveAppWithNegativeCase"/>
  <testcase time="0.414" classname="org.wso2.carbon.connector.integration.test.soundcloud.SoundcloudConnectorIntegrationTest" name="testResolveTrackWithNegativeCase"/>
  <testcase time="0.451" classname="org.wso2.carbon.connector.integration.test.soundcloud.SoundcloudConnectorIntegrationTest" name="testResolveUserWithNegativeCase"/>
  <testcase time="1.016" classname="org.wso2.carbon.connector.integration.test.soundcloud.SoundcloudConnectorIntegrationTest" name="testSoundcloudActivitiesAffiliatedNegative"/>
  <testcase time="0.497" classname="org.wso2.carbon.connector.integration.test.soundcloud.SoundcloudConnectorIntegrationTest" name="testSoundcloudActivitiesExclusiveNegative"/>
  <testcase time="0.638" classname="org.wso2.carbon.connector.integration.test.soundcloud.SoundcloudConnectorIntegrationTest" name="testSoundcloudActivitiesNegative"/>
  <testcase time="0.405" classname="org.wso2.carbon.connector.integration.test.soundcloud.SoundcloudConnectorIntegrationTest" name="testSoundcloudAllActivitiesNegative"/>
  <testcase time="0.38" classname="org.wso2.carbon.connector.integration.test.soundcloud.SoundcloudConnectorIntegrationTest" name="testSoundcloudAllOwnActivitiesNegative"/>
  <testcase time="0.379" classname="org.wso2.carbon.connector.integration.test.soundcloud.SoundcloudConnectorIntegrationTest" name="testSoundcloudGetConnectionByIdNegative"/>
  <testcase time="0.406" classname="org.wso2.carbon.connector.integration.test.soundcloud.SoundcloudConnectorIntegrationTest" name="testSoundcloudGetConnectionsNegative"/>
  <testcase time="1.013" classname="org.wso2.carbon.connector.integration.test.soundcloud.SoundcloudConnectorIntegrationTest" name="testSoundcloudGetMeNegative"/>
  <testcase time="0.404" classname="org.wso2.carbon.connector.integration.test.soundcloud.SoundcloudConnectorIntegrationTest" name="testSoundcloudGetUserCommentsNegative"/>
  <testcase time="0.395" classname="org.wso2.carbon.connector.integration.test.soundcloud.SoundcloudConnectorIntegrationTest" name="testSoundcloudGetUserFavoritesNegative"/>
  <testcase time="0.371" classname="org.wso2.carbon.connector.integration.test.soundcloud.SoundcloudConnectorIntegrationTest" name="testSoundcloudGetUserFollowersNegative"/>
  <testcase time="0.377" classname="org.wso2.carbon.connector.integration.test.soundcloud.SoundcloudConnectorIntegrationTest" name="testSoundcloudGetUserFollowingsNegative"/>
  <testcase time="0.505" classname="org.wso2.carbon.connector.integration.test.soundcloud.SoundcloudConnectorIntegrationTest" name="testSoundcloudGetUserGroupsNegative"/>
  <testcase time="0.374" classname="org.wso2.carbon.connector.integration.test.soundcloud.SoundcloudConnectorIntegrationTest" name="testSoundcloudGetUserNegative"/>
  <testcase time="0.393" classname="org.wso2.carbon.connector.integration.test.soundcloud.SoundcloudConnectorIntegrationTest" name="testSoundcloudGetUserPlaylistsNegative"/>
  <testcase time="0.385" classname="org.wso2.carbon.connector.integration.test.soundcloud.SoundcloudConnectorIntegrationTest" name="testSoundcloudGetUserTracksNegative"/>
  <testcase time="0.533" classname="org.wso2.carbon.connector.integration.test.soundcloud.SoundcloudConnectorIntegrationTest" name="testSoundcloudGetUserWebProfilesNegative"/>
  <testcase time="0.898" classname="org.wso2.carbon.connector.integration.test.soundcloud.SoundcloudConnectorIntegrationTest" name="testSoundcloudSearchUserNegative"/>
  <testcase time="0.418" classname="org.wso2.carbon.connector.integration.test.soundcloud.SoundcloudConnectorIntegrationTest" name="testUpdateTrackWithNegativeCase"/>
  <testcase time="3.01" classname="org.wso2.carbon.connector.integration.test.soundcloud.SoundcloudConnectorIntegrationTest" name="testGetGroupsWithOptionalParameters"/>
  <testcase time="0.683" classname="org.wso2.carbon.connector.integration.test.soundcloud.SoundcloudConnectorIntegrationTest" name="testGetTracksOfAppWithOptionalParameters"/>
  <testcase time="0.355" classname="org.wso2.carbon.connector.integration.test.soundcloud.SoundcloudConnectorIntegrationTest" name="testGetTracksWithOptionalParameters"/>
  <testcase time="1.732" classname="org.wso2.carbon.connector.integration.test.soundcloud.SoundcloudConnectorIntegrationTest" name="testSoundcloudActivitiesOptional"/>
  <testcase time="0.482" classname="org.wso2.carbon.connector.integration.test.soundcloud.SoundcloudConnectorIntegrationTest" name="testSoundcloudAllActivitiesOptional"/>
  <testcase time="0.482" classname="org.wso2.carbon.connector.integration.test.soundcloud.SoundcloudConnectorIntegrationTest" name="testSoundcloudAllOwnActivitiesOptional"/>
  <testcase time="0.336" classname="org.wso2.carbon.connector.integration.test.soundcloud.SoundcloudConnectorIntegrationTest" name="testSoundcloudSearchUsersOptional"/>
  <testcase time="0.912" classname="org.wso2.carbon.connector.integration.test.soundcloud.SoundcloudConnectorIntegrationTest" name="testUpdateTrackWithOptionalParameters"/>
</testsuite>