<?xml version="1.0" encoding="UTF-8"?>
<testng-results skipped="0" failed="0" total="99" passed="99">
  <reporter-output>
  </reporter-output>
  <suite name="ESBTestSuite" duration-ms="176399" started-at="2014-07-04T15:36:12Z" finished-at="2014-07-04T15:39:09Z">
    <groups>
      <group name="java.lang.reflect.Method">
        <method signature="org.wso2.carbon.connector.integration.test.soundcloud.SoundcloudConnectorIntegrationTest.testDeleteCommentOfTrackWithNegativeCase()" name="testDeleteCommentOfTrackWithNegativeCase" class="org.wso2.carbon.connector.integration.test.soundcloud.SoundcloudConnectorIntegrationTest"/>
        <method signature="org.wso2.carbon.connector.integration.test.soundcloud.SoundcloudConnectorIntegrationTest.testDeleteTrackWithNegativeCase()" name="testDeleteTrackWithNegativeCase" class="org.wso2.carbon.connector.integration.test.soundcloud.SoundcloudConnectorIntegrationTest"/>
        <method signature="org.wso2.carbon.connector.integration.test.soundcloud.SoundcloudConnectorIntegrationTest.testGetAppByIdWithMandatoryParameters()" name="testGetAppByIdWithMandatoryParameters" class="org.wso2.carbon.connector.integration.test.soundcloud.SoundcloudConnectorIntegrationTest"/>
        <method signature="org.wso2.carbon.connector.integration.test.soundcloud.SoundcloudConnectorIntegrationTest.testGetAppByIdWithNegativeCase()" name="testGetAppByIdWithNegativeCase" class="org.wso2.carbon.connector.integration.test.soundcloud.SoundcloudConnectorIntegrationTest"/>
        <method signature="org.wso2.carbon.connector.integration.test.soundcloud.SoundcloudConnectorIntegrationTest.testGetAppsWithMandatoryParameters()" name="testGetAppsWithMandatoryParameters" class="org.wso2.carbon.connector.integration.test.soundcloud.SoundcloudConnectorIntegrationTest"/>
        <method signature="org.wso2.carbon.connector.integration.test.soundcloud.SoundcloudConnectorIntegrationTest.testGetAppsWithNegativeCase()" name="testGetAppsWithNegativeCase" class="org.wso2.carbon.connector.integration.test.soundcloud.SoundcloudConnectorIntegrationTest"/>
        <method signature="org.wso2.carbon.connector.integration.test.soundcloud.SoundcloudConnectorIntegrationTest.testGetCommentOfTrackWithMandatoryParameters()" name="testGetCommentOfTrackWithMandatoryParameters" class="org.wso2.carbon.connector.integration.test.soundcloud.SoundcloudConnectorIntegrationTest"/>
        <method signature="org.wso2.carbon.connector.integration.test.soundcloud.SoundcloudConnectorIntegrationTest.testGetCommentOfTrackWithNegativeCase()" name="testGetCommentOfTrackWithNegativeCase" class="org.wso2.carbon.connector.integration.test.soundcloud.SoundcloudConnectorIntegrationTest"/>
        <method signature="org.wso2.carbon.connector.integration.test.soundcloud.SoundcloudConnectorIntegrationTest.testGetCommentsByIdOfTrackWithMandatoryParameters()" name="testGetCommentsByIdOfTrackWithMandatoryParameters" class="org.wso2.carbon.connector.integration.test.soundcloud.SoundcloudConnectorIntegrationTest"/>
        <method signature="org.wso2.carbon.connector.integration.test.soundcloud.SoundcloudConnectorIntegrationTest.testGetCommentsByIdOfTrackWithNegativeCase()" name="testGetCommentsByIdOfTrackWithNegativeCase" class="org.wso2.carbon.connector.integration.test.soundcloud.SoundcloudConnectorIntegrationTest"/>
        <method signature="org.wso2.carbon.connector.integration.test.soundcloud.SoundcloudConnectorIntegrationTest.testGetContributorsOfGroupByIdWithMandatoryParameters()" name="testGetContributorsOfGroupByIdWithMandatoryParameters" class="org.wso2.carbon.connector.integration.test.soundcloud.SoundcloudConnectorIntegrationTest"/>
        <method signature="org.wso2.carbon.connector.integration.test.soundcloud.SoundcloudConnectorIntegrationTest.testGetContributorsOfGroupByIdWithNegativeCase()" name="testGetContributorsOfGroupByIdWithNegativeCase" class="org.wso2.carbon.connector.integration.test.soundcloud.SoundcloudConnectorIntegrationTest"/>
        <method signature="org.wso2.carbon.connector.integration.test.soundcloud.SoundcloudConnectorIntegrationTest.testGetEmbedContentWithMandatoryParameters()" name="testGetEmbedContentWithMandatoryParameters" class="org.wso2.carbon.connector.integration.test.soundcloud.SoundcloudConnectorIntegrationTest"/>
        <method signature="org.wso2.carbon.connector.integration.test.soundcloud.SoundcloudConnectorIntegrationTest.testGetEmbedContentWithNegativeCase()" name="testGetEmbedContentWithNegativeCase" class="org.wso2.carbon.connector.integration.test.soundcloud.SoundcloudConnectorIntegrationTest"/>
        <method signature="org.wso2.carbon.connector.integration.test.soundcloud.SoundcloudConnectorIntegrationTest.testGetFavoritersByIdOfTrackWithMandatoryParameters()" name="testGetFavoritersByIdOfTrackWithMandatoryParameters" class="org.wso2.carbon.connector.integration.test.soundcloud.SoundcloudConnectorIntegrationTest"/>
        <method signature="org.wso2.carbon.connector.integration.test.soundcloud.SoundcloudConnectorIntegrationTest.testGetFavoritersByIdOfTrackWithNegativeCase()" name="testGetFavoritersByIdOfTrackWithNegativeCase" class="org.wso2.carbon.connector.integration.test.soundcloud.SoundcloudConnectorIntegrationTest"/>
        <method signature="org.wso2.carbon.connector.integration.test.soundcloud.SoundcloudConnectorIntegrationTest.testGetGroupByIdWithMandatoryParameters()" name="testGetGroupByIdWithMandatoryParameters" class="org.wso2.carbon.connector.integration.test.soundcloud.SoundcloudConnectorIntegrationTest"/>
        <method signature="org.wso2.carbon.connector.integration.test.soundcloud.SoundcloudConnectorIntegrationTest.testGetGroupByIdWithNegativeCase()" name="testGetGroupByIdWithNegativeCase" class="org.wso2.carbon.connector.integration.test.soundcloud.SoundcloudConnectorIntegrationTest"/>
        <method signature="org.wso2.carbon.connector.integration.test.soundcloud.SoundcloudConnectorIntegrationTest.testGetGroupsWithMandatoryParameters()" name="testGetGroupsWithMandatoryParameters" class="org.wso2.carbon.connector.integration.test.soundcloud.SoundcloudConnectorIntegrationTest"/>
        <method signature="org.wso2.carbon.connector.integration.test.soundcloud.SoundcloudConnectorIntegrationTest.testGetGroupsWithNegativeCase()" name="testGetGroupsWithNegativeCase" class="org.wso2.carbon.connector.integration.test.soundcloud.SoundcloudConnectorIntegrationTest"/>
        <method signature="org.wso2.carbon.connector.integration.test.soundcloud.SoundcloudConnectorIntegrationTest.testGetGroupsWithOptionalParameters()" name="testGetGroupsWithOptionalParameters" class="org.wso2.carbon.connector.integration.test.soundcloud.SoundcloudConnectorIntegrationTest"/>
        <method signature="org.wso2.carbon.connector.integration.test.soundcloud.SoundcloudConnectorIntegrationTest.testGetMembersOfGroupByIdWithMandatoryParameters()" name="testGetMembersOfGroupByIdWithMandatoryParameters" class="org.wso2.carbon.connector.integration.test.soundcloud.SoundcloudConnectorIntegrationTest"/>
        <method signature="org.wso2.carbon.connector.integration.test.soundcloud.SoundcloudConnectorIntegrationTest.testGetMembersOfGroupByIdWithNegativeCase()" name="testGetMembersOfGroupByIdWithNegativeCase" class="org.wso2.carbon.connector.integration.test.soundcloud.SoundcloudConnectorIntegrationTest"/>
        <method signature="org.wso2.carbon.connector.integration.test.soundcloud.SoundcloudConnectorIntegrationTest.testGetModeratorsOfGroupByIdWithMandatoryParameters()" name="testGetModeratorsOfGroupByIdWithMandatoryParameters" class="org.wso2.carbon.connector.integration.test.soundcloud.SoundcloudConnectorIntegrationTest"/>
        <method signature="org.wso2.carbon.connector.integration.test.soundcloud.SoundcloudConnectorIntegrationTest.testGetModeratorsOfGroupByIdWithNegativeCase()" name="testGetModeratorsOfGroupByIdWithNegativeCase" class="org.wso2.carbon.connector.integration.test.soundcloud.SoundcloudConnectorIntegrationTest"/>
        <method signature="org.wso2.carbon.connector.integration.test.soundcloud.SoundcloudConnectorIntegrationTest.testGetPlaylistByIdWithMandatoryParameters()" name="testGetPlaylistByIdWithMandatoryParameters" class="org.wso2.carbon.connector.integration.test.soundcloud.SoundcloudConnectorIntegrationTest"/>
        <method signature="org.wso2.carbon.connector.integration.test.soundcloud.SoundcloudConnectorIntegrationTest.testGetPlaylistByIdWithNegativeCase()" name="testGetPlaylistByIdWithNegativeCase" class="org.wso2.carbon.connector.integration.test.soundcloud.SoundcloudConnectorIntegrationTest"/>
        <method signature="org.wso2.carbon.connector.integration.test.soundcloud.SoundcloudConnectorIntegrationTest.testGetTrackByIdWithMandatoryParameters()" name="testGetTrackByIdWithMandatoryParameters" class="org.wso2.carbon.connector.integration.test.soundcloud.SoundcloudConnectorIntegrationTest"/>
        <method signature="org.wso2.carbon.connector.integration.test.soundcloud.SoundcloudConnectorIntegrationTest.testGetTrackByIdWithNegativeCase()" name="testGetTrackByIdWithNegativeCase" class="org.wso2.carbon.connector.integration.test.soundcloud.SoundcloudConnectorIntegrationTest"/>
        <method signature="org.wso2.carbon.connector.integration.test.soundcloud.SoundcloudConnectorIntegrationTest.testGetTracksOfAppWithMandatoryParameters()" name="testGetTracksOfAppWithMandatoryParameters" class="org.wso2.carbon.connector.integration.test.soundcloud.SoundcloudConnectorIntegrationTest"/>
        <method signature="org.wso2.carbon.connector.integration.test.soundcloud.SoundcloudConnectorIntegrationTest.testGetTracksOfAppWithNegativeCase()" name="testGetTracksOfAppWithNegativeCase" class="org.wso2.carbon.connector.integration.test.soundcloud.SoundcloudConnectorIntegrationTest"/>
        <method signature="org.wso2.carbon.connector.integration.test.soundcloud.SoundcloudConnectorIntegrationTest.testGetTracksOfAppWithOptionalParameters()" name="testGetTracksOfAppWithOptionalParameters" class="org.wso2.carbon.connector.integration.test.soundcloud.SoundcloudConnectorIntegrationTest"/>
        <method signature="org.wso2.carbon.connector.integration.test.soundcloud.SoundcloudConnectorIntegrationTest.testGetTracksOfGroupByIdWithMandatoryParameters()" name="testGetTracksOfGroupByIdWithMandatoryParameters" class="org.wso2.carbon.connector.integration.test.soundcloud.SoundcloudConnectorIntegrationTest"/>
        <method signature="org.wso2.carbon.connector.integration.test.soundcloud.SoundcloudConnectorIntegrationTest.testGetTracksOfGroupByIdWithNegativeCase()" name="testGetTracksOfGroupByIdWithNegativeCase" class="org.wso2.carbon.connector.integration.test.soundcloud.SoundcloudConnectorIntegrationTest"/>
        <method signature="org.wso2.carbon.connector.integration.test.soundcloud.SoundcloudConnectorIntegrationTest.testGetTracksWithMandatoryParameters()" name="testGetTracksWithMandatoryParameters" class="org.wso2.carbon.connector.integration.test.soundcloud.SoundcloudConnectorIntegrationTest"/>
        <method signature="org.wso2.carbon.connector.integration.test.soundcloud.SoundcloudConnectorIntegrationTest.testGetTracksWithNegativeCase()" name="testGetTracksWithNegativeCase" class="org.wso2.carbon.connector.integration.test.soundcloud.SoundcloudConnectorIntegrationTest"/>
        <method signature="org.wso2.carbon.connector.integration.test.soundcloud.SoundcloudConnectorIntegrationTest.testGetTracksWithOptionalParameters()" name="testGetTracksWithOptionalParameters" class="org.wso2.carbon.connector.integration.test.soundcloud.SoundcloudConnectorIntegrationTest"/>
        <method signature="org.wso2.carbon.connector.integration.test.soundcloud.SoundcloudConnectorIntegrationTest.testGetUsersOfGroupByIdWithMandatoryParameters()" name="testGetUsersOfGroupByIdWithMandatoryParameters" class="org.wso2.carbon.connector.integration.test.soundcloud.SoundcloudConnectorIntegrationTest"/>
        <method signature="org.wso2.carbon.connector.integration.test.soundcloud.SoundcloudConnectorIntegrationTest.testGetUsersOfGroupByIdWithNegativeCase()" name="testGetUsersOfGroupByIdWithNegativeCase" class="org.wso2.carbon.connector.integration.test.soundcloud.SoundcloudConnectorIntegrationTest"/>
        <method signature="org.wso2.carbon.connector.integration.test.soundcloud.SoundcloudConnectorIntegrationTest.testResolveAllGroupsOfUserWithMandatoryParameters()" name="testResolveAllGroupsOfUserWithMandatoryParameters" class="org.wso2.carbon.connector.integration.test.soundcloud.SoundcloudConnectorIntegrationTest"/>
        <method signature="org.wso2.carbon.connector.integration.test.soundcloud.SoundcloudConnectorIntegrationTest.testResolveAllGroupsOfUserWithNegativeCase()" name="testResolveAllGroupsOfUserWithNegativeCase" class="org.wso2.carbon.connector.integration.test.soundcloud.SoundcloudConnectorIntegrationTest"/>
        <method signature="org.wso2.carbon.connector.integration.test.soundcloud.SoundcloudConnectorIntegrationTest.testResolveAllTracksOfUserWithMandatoryParameters()" name="testResolveAllTracksOfUserWithMandatoryParameters" class="org.wso2.carbon.connector.integration.test.soundcloud.SoundcloudConnectorIntegrationTest"/>
        <method signature="org.wso2.carbon.connector.integration.test.soundcloud.SoundcloudConnectorIntegrationTest.testResolveAllTracksOfUserWithNegativeCase()" name="testResolveAllTracksOfUserWithNegativeCase" class="org.wso2.carbon.connector.integration.test.soundcloud.SoundcloudConnectorIntegrationTest"/>
        <method signature="org.wso2.carbon.connector.integration.test.soundcloud.SoundcloudConnectorIntegrationTest.testResolveAppWithMandatoryParameters()" name="testResolveAppWithMandatoryParameters" class="org.wso2.carbon.connector.integration.test.soundcloud.SoundcloudConnectorIntegrationTest"/>
        <method signature="org.wso2.carbon.connector.integration.test.soundcloud.SoundcloudConnectorIntegrationTest.testResolveAppWithNegativeCase()" name="testResolveAppWithNegativeCase" class="org.wso2.carbon.connector.integration.test.soundcloud.SoundcloudConnectorIntegrationTest"/>
        <method signature="org.wso2.carbon.connector.integration.test.soundcloud.SoundcloudConnectorIntegrationTest.testResolveTrackWithMandatoryParameters()" name="testResolveTrackWithMandatoryParameters" class="org.wso2.carbon.connector.integration.test.soundcloud.SoundcloudConnectorIntegrationTest"/>
        <method signature="org.wso2.carbon.connector.integration.test.soundcloud.SoundcloudConnectorIntegrationTest.testResolveTrackWithNegativeCase()" name="testResolveTrackWithNegativeCase" class="org.wso2.carbon.connector.integration.test.soundcloud.SoundcloudConnectorIntegrationTest"/>
        <method signature="org.wso2.carbon.connector.integration.test.soundcloud.SoundcloudConnectorIntegrationTest.testResolveUserWithMandatoryParameters()" name="testResolveUserWithMandatoryParameters" class="org.wso2.carbon.connector.integration.test.soundcloud.SoundcloudConnectorIntegrationTest"/>
        <method signature="org.wso2.carbon.connector.integration.test.soundcloud.SoundcloudConnectorIntegrationTest.testResolveUserWithNegativeCase()" name="testResolveUserWithNegativeCase" class="org.wso2.carbon.connector.integration.test.soundcloud.SoundcloudConnectorIntegrationTest"/>
        <method signature="org.wso2.carbon.connector.integration.test.soundcloud.SoundcloudConnectorIntegrationTest.testSoundcloudActivitiesAffiliatedNegative()" name="testSoundcloudActivitiesAffiliatedNegative" class="org.wso2.carbon.connector.integration.test.soundcloud.SoundcloudConnectorIntegrationTest"/>
        <method signature="org.wso2.carbon.connector.integration.test.soundcloud.SoundcloudConnectorIntegrationTest.testSoundcloudActivitiesAffiliatedOptional()" name="testSoundcloudActivitiesAffiliatedOptional" class="org.wso2.carbon.connector.integration.test.soundcloud.SoundcloudConnectorIntegrationTest"/>
        <method signature="org.wso2.carbon.connector.integration.test.soundcloud.SoundcloudConnectorIntegrationTest.testSoundcloudActivitiesAffiliatedPositive()" name="testSoundcloudActivitiesAffiliatedPositive" class="org.wso2.carbon.connector.integration.test.soundcloud.SoundcloudConnectorIntegrationTest"/>
        <method signature="org.wso2.carbon.connector.integration.test.soundcloud.SoundcloudConnectorIntegrationTest.testSoundcloudActivitiesExclusiveNegative()" name="testSoundcloudActivitiesExclusiveNegative" class="org.wso2.carbon.connector.integration.test.soundcloud.SoundcloudConnectorIntegrationTest"/>
        <method signature="org.wso2.carbon.connector.integration.test.soundcloud.SoundcloudConnectorIntegrationTest.testSoundcloudActivitiesExclusiveOptional()" name="testSoundcloudActivitiesExclusiveOptional" class="org.wso2.carbon.connector.integration.test.soundcloud.SoundcloudConnectorIntegrationTest"/>
        <method signature="org.wso2.carbon.connector.integration.test.soundcloud.SoundcloudConnectorIntegrationTest.testSoundcloudActivitiesExclusivePositive()" name="testSoundcloudActivitiesExclusivePositive" class="org.wso2.carbon.connector.integration.test.soundcloud.SoundcloudConnectorIntegrationTest"/>
        <method signature="org.wso2.carbon.connector.integration.test.soundcloud.SoundcloudConnectorIntegrationTest.testSoundcloudActivitiesNegative()" name="testSoundcloudActivitiesNegative" class="org.wso2.carbon.connector.integration.test.soundcloud.SoundcloudConnectorIntegrationTest"/>
        <method signature="org.wso2.carbon.connector.integration.test.soundcloud.SoundcloudConnectorIntegrationTest.testSoundcloudActivitiesOptional()" name="testSoundcloudActivitiesOptional" class="org.wso2.carbon.connector.integration.test.soundcloud.SoundcloudConnectorIntegrationTest"/>
        <method signature="org.wso2.carbon.connector.integration.test.soundcloud.SoundcloudConnectorIntegrationTest.testSoundcloudActivitiesPositive()" name="testSoundcloudActivitiesPositive" class="org.wso2.carbon.connector.integration.test.soundcloud.SoundcloudConnectorIntegrationTest"/>
        <method signature="org.wso2.carbon.connector.integration.test.soundcloud.SoundcloudConnectorIntegrationTest.testSoundcloudAllActivitiesNegative()" name="testSoundcloudAllActivitiesNegative" class="org.wso2.carbon.connector.integration.test.soundcloud.SoundcloudConnectorIntegrationTest"/>
        <method signature="org.wso2.carbon.connector.integration.test.soundcloud.SoundcloudConnectorIntegrationTest.testSoundcloudAllActivitiesOptional()" name="testSoundcloudAllActivitiesOptional" class="org.wso2.carbon.connector.integration.test.soundcloud.SoundcloudConnectorIntegrationTest"/>
        <method signature="org.wso2.carbon.connector.integration.test.soundcloud.SoundcloudConnectorIntegrationTest.testSoundcloudAllActivitiesPositive()" name="testSoundcloudAllActivitiesPositive" class="org.wso2.carbon.connector.integration.test.soundcloud.SoundcloudConnectorIntegrationTest"/>
        <method signature="org.wso2.carbon.connector.integration.test.soundcloud.SoundcloudConnectorIntegrationTest.testSoundcloudAllCommentsPositive()" name="testSoundcloudAllCommentsPositive" class="org.wso2.carbon.connector.integration.test.soundcloud.SoundcloudConnectorIntegrationTest"/>
        <method signature="org.wso2.carbon.connector.integration.test.soundcloud.SoundcloudConnectorIntegrationTest.testSoundcloudAllOwnActivitiesNegative()" name="testSoundcloudAllOwnActivitiesNegative" class="org.wso2.carbon.connector.integration.test.soundcloud.SoundcloudConnectorIntegrationTest"/>
        <method signature="org.wso2.carbon.connector.integration.test.soundcloud.SoundcloudConnectorIntegrationTest.testSoundcloudAllOwnActivitiesOptional()" name="testSoundcloudAllOwnActivitiesOptional" class="org.wso2.carbon.connector.integration.test.soundcloud.SoundcloudConnectorIntegrationTest"/>
        <method signature="org.wso2.carbon.connector.integration.test.soundcloud.SoundcloudConnectorIntegrationTest.testSoundcloudAllOwnActivitiesPositive()" name="testSoundcloudAllOwnActivitiesPositive" class="org.wso2.carbon.connector.integration.test.soundcloud.SoundcloudConnectorIntegrationTest"/>
        <method signature="org.wso2.carbon.connector.integration.test.soundcloud.SoundcloudConnectorIntegrationTest.testSoundcloudCommentsNegative()" name="testSoundcloudCommentsNegative" class="org.wso2.carbon.connector.integration.test.soundcloud.SoundcloudConnectorIntegrationTest"/>
        <method signature="org.wso2.carbon.connector.integration.test.soundcloud.SoundcloudConnectorIntegrationTest.testSoundcloudCommentsPositive()" name="testSoundcloudCommentsPositive" class="org.wso2.carbon.connector.integration.test.soundcloud.SoundcloudConnectorIntegrationTest"/>
        <method signature="org.wso2.carbon.connector.integration.test.soundcloud.SoundcloudConnectorIntegrationTest.testSoundcloudGetConnectionByIdNegative()" name="testSoundcloudGetConnectionByIdNegative" class="org.wso2.carbon.connector.integration.test.soundcloud.SoundcloudConnectorIntegrationTest"/>
        <method signature="org.wso2.carbon.connector.integration.test.soundcloud.SoundcloudConnectorIntegrationTest.testSoundcloudGetConnectionByIdPositive()" name="testSoundcloudGetConnectionByIdPositive" class="org.wso2.carbon.connector.integration.test.soundcloud.SoundcloudConnectorIntegrationTest"/>
        <method signature="org.wso2.carbon.connector.integration.test.soundcloud.SoundcloudConnectorIntegrationTest.testSoundcloudGetConnectionsNegative()" name="testSoundcloudGetConnectionsNegative" class="org.wso2.carbon.connector.integration.test.soundcloud.SoundcloudConnectorIntegrationTest"/>
        <method signature="org.wso2.carbon.connector.integration.test.soundcloud.SoundcloudConnectorIntegrationTest.testSoundcloudGetConnectionsPositive()" name="testSoundcloudGetConnectionsPositive" class="org.wso2.carbon.connector.integration.test.soundcloud.SoundcloudConnectorIntegrationTest"/>
        <method signature="org.wso2.carbon.connector.integration.test.soundcloud.SoundcloudConnectorIntegrationTest.testSoundcloudGetMeNegative()" name="testSoundcloudGetMeNegative" class="org.wso2.carbon.connector.integration.test.soundcloud.SoundcloudConnectorIntegrationTest"/>
        <method signature="org.wso2.carbon.connector.integration.test.soundcloud.SoundcloudConnectorIntegrationTest.testSoundcloudGetMePositive()" name="testSoundcloudGetMePositive" class="org.wso2.carbon.connector.integration.test.soundcloud.SoundcloudConnectorIntegrationTest"/>
        <method signature="org.wso2.carbon.connector.integration.test.soundcloud.SoundcloudConnectorIntegrationTest.testSoundcloudGetUserCommentsNegative()" name="testSoundcloudGetUserCommentsNegative" class="org.wso2.carbon.connector.integration.test.soundcloud.SoundcloudConnectorIntegrationTest"/>
        <method signature="org.wso2.carbon.connector.integration.test.soundcloud.SoundcloudConnectorIntegrationTest.testSoundcloudGetUserCommentsPositive()" name="testSoundcloudGetUserCommentsPositive" class="org.wso2.carbon.connector.integration.test.soundcloud.SoundcloudConnectorIntegrationTest"/>
        <method signature="org.wso2.carbon.connector.integration.test.soundcloud.SoundcloudConnectorIntegrationTest.testSoundcloudGetUserFavoritesNegative()" name="testSoundcloudGetUserFavoritesNegative" class="org.wso2.carbon.connector.integration.test.soundcloud.SoundcloudConnectorIntegrationTest"/>
        <method signature="org.wso2.carbon.connector.integration.test.soundcloud.SoundcloudConnectorIntegrationTest.testSoundcloudGetUserFavoritesPositive()" name="testSoundcloudGetUserFavoritesPositive" class="org.wso2.carbon.connector.integration.test.soundcloud.SoundcloudConnectorIntegrationTest"/>
        <method signature="org.wso2.carbon.connector.integration.test.soundcloud.SoundcloudConnectorIntegrationTest.testSoundcloudGetUserFollowersNegative()" name="testSoundcloudGetUserFollowersNegative" class="org.wso2.carbon.connector.integration.test.soundcloud.SoundcloudConnectorIntegrationTest"/>
        <method signature="org.wso2.carbon.connector.integration.test.soundcloud.SoundcloudConnectorIntegrationTest.testSoundcloudGetUserFollowersPositive()" name="testSoundcloudGetUserFollowersPositive" class="org.wso2.carbon.connector.integration.test.soundcloud.SoundcloudConnectorIntegrationTest"/>
        <method signature="org.wso2.carbon.connector.integration.test.soundcloud.SoundcloudConnectorIntegrationTest.testSoundcloudGetUserFollowingsNegative()" name="testSoundcloudGetUserFollowingsNegative" class="org.wso2.carbon.connector.integration.test.soundcloud.SoundcloudConnectorIntegrationTest"/>
        <method signature="org.wso2.carbon.connector.integration.test.soundcloud.SoundcloudConnectorIntegrationTest.testSoundcloudGetUserFollowingsPositive()" name="testSoundcloudGetUserFollowingsPositive" class="org.wso2.carbon.connector.integration.test.soundcloud.SoundcloudConnectorIntegrationTest"/>
        <method signature="org.wso2.carbon.connector.integration.test.soundcloud.SoundcloudConnectorIntegrationTest.testSoundcloudGetUserGroupsNegative()" name="testSoundcloudGetUserGroupsNegative" class="org.wso2.carbon.connector.integration.test.soundcloud.SoundcloudConnectorIntegrationTest"/>
        <method signature="org.wso2.carbon.connector.integration.test.soundcloud.SoundcloudConnectorIntegrationTest.testSoundcloudGetUserGroupsPositive()" name="testSoundcloudGetUserGroupsPositive" class="org.wso2.carbon.connector.integration.test.soundcloud.SoundcloudConnectorIntegrationTest"/>
        <method signature="org.wso2.carbon.connector.integration.test.soundcloud.SoundcloudConnectorIntegrationTest.testSoundcloudGetUserNegative()" name="testSoundcloudGetUserNegative" class="org.wso2.carbon.connector.integration.test.soundcloud.SoundcloudConnectorIntegrationTest"/>
        <method signature="org.wso2.carbon.connector.integration.test.soundcloud.SoundcloudConnectorIntegrationTest.testSoundcloudGetUserPlaylistsNegative()" name="testSoundcloudGetUserPlaylistsNegative" class="org.wso2.carbon.connector.integration.test.soundcloud.SoundcloudConnectorIntegrationTest"/>
        <method signature="org.wso2.carbon.connector.integration.test.soundcloud.SoundcloudConnectorIntegrationTest.testSoundcloudGetUserPlaylistsPositive()" name="testSoundcloudGetUserPlaylistsPositive" class="org.wso2.carbon.connector.integration.test.soundcloud.SoundcloudConnectorIntegrationTest"/>
        <method signature="org.wso2.carbon.connector.integration.test.soundcloud.SoundcloudConnectorIntegrationTest.testSoundcloudGetUserPositive()" name="testSoundcloudGetUserPositive" class="org.wso2.carbon.connector.integration.test.soundcloud.SoundcloudConnectorIntegrationTest"/>
        <method signature="org.wso2.carbon.connector.integration.test.soundcloud.SoundcloudConnectorIntegrationTest.testSoundcloudGetUserTracksNegative()" name="testSoundcloudGetUserTracksNegative" class="org.wso2.carbon.connector.integration.test.soundcloud.SoundcloudConnectorIntegrationTest"/>
        <method signature="org.wso2.carbon.connector.integration.test.soundcloud.SoundcloudConnectorIntegrationTest.testSoundcloudGetUserTracksPositive()" name="testSoundcloudGetUserTracksPositive" class="org.wso2.carbon.connector.integration.test.soundcloud.SoundcloudConnectorIntegrationTest"/>
        <method signature="org.wso2.carbon.connector.integration.test.soundcloud.SoundcloudConnectorIntegrationTest.testSoundcloudGetUserWebProfilesNegative()" name="testSoundcloudGetUserWebProfilesNegative" class="org.wso2.carbon.connector.integration.test.soundcloud.SoundcloudConnectorIntegrationTest"/>
        <method signature="org.wso2.carbon.connector.integration.test.soundcloud.SoundcloudConnectorIntegrationTest.testSoundcloudGetUserWebProfilesPositive()" name="testSoundcloudGetUserWebProfilesPositive" class="org.wso2.carbon.connector.integration.test.soundcloud.SoundcloudConnectorIntegrationTest"/>
        <method signature="org.wso2.carbon.connector.integration.test.soundcloud.SoundcloudConnectorIntegrationTest.testSoundcloudSearchUserNegative()" name="testSoundcloudSearchUserNegative" class="org.wso2.carbon.connector.integration.test.soundcloud.SoundcloudConnectorIntegrationTest"/>
        <method signature="org.wso2.carbon.connector.integration.test.soundcloud.SoundcloudConnectorIntegrationTest.testSoundcloudSearchUserPositive()" name="testSoundcloudSearchUserPositive" class="org.wso2.carbon.connector.integration.test.soundcloud.SoundcloudConnectorIntegrationTest"/>
        <method signature="org.wso2.carbon.connector.integration.test.soundcloud.SoundcloudConnectorIntegrationTest.testSoundcloudSearchUsersOptional()" name="testSoundcloudSearchUsersOptional" class="org.wso2.carbon.connector.integration.test.soundcloud.SoundcloudConnectorIntegrationTest"/>
        <method signature="org.wso2.carbon.connector.integration.test.soundcloud.SoundcloudConnectorIntegrationTest.testSoundcloudSetConnectionsNegative()" name="testSoundcloudSetConnectionsNegative" class="org.wso2.carbon.connector.integration.test.soundcloud.SoundcloudConnectorIntegrationTest"/>
        <method signature="org.wso2.carbon.connector.integration.test.soundcloud.SoundcloudConnectorIntegrationTest.testSoundcloudSetConnectionsPositive()" name="testSoundcloudSetConnectionsPositive" class="org.wso2.carbon.connector.integration.test.soundcloud.SoundcloudConnectorIntegrationTest"/>
        <method signature="org.wso2.carbon.connector.integration.test.soundcloud.SoundcloudConnectorIntegrationTest.testSoundcloudgetAllCommentsNegative()" name="testSoundcloudgetAllCommentsNegative" class="org.wso2.carbon.connector.integration.test.soundcloud.SoundcloudConnectorIntegrationTest"/>
        <method signature="org.wso2.carbon.connector.integration.test.soundcloud.SoundcloudConnectorIntegrationTest.testUpdateTrackWithNegativeCase()" name="testUpdateTrackWithNegativeCase" class="org.wso2.carbon.connector.integration.test.soundcloud.SoundcloudConnectorIntegrationTest"/>
        <method signature="org.wso2.carbon.connector.integration.test.soundcloud.SoundcloudConnectorIntegrationTest.testUpdateTrackWithOptionalParameters()" name="testUpdateTrackWithOptionalParameters" class="org.wso2.carbon.connector.integration.test.soundcloud.SoundcloudConnectorIntegrationTest"/>
      </group>
    </groups>
    <test name="Soundcloud-Connector-Test" duration-ms="176399" started-at="2014-07-04T15:36:12Z" finished-at="2014-07-04T15:39:09Z">
      <class name="org.wso2.carbon.connector.integration.test.soundcloud.SoundcloudConnectorIntegrationTest">
        <test-method status="PASS" signature="setEnvironment()" name="setEnvironment" is-config="true" duration-ms="53174" started-at="2014-07-04T15:36:12Z" finished-at="2014-07-04T15:37:05Z">
        </test-method>
        <test-method status="PASS" signature="testDeleteCommentOfTrackWithNegativeCase()" name="testDeleteCommentOfTrackWithNegativeCase" duration-ms="993" started-at="2014-07-04T15:37:05Z" description="soundcloud {deleteCommentOfTrack} integration test with negative case." finished-at="2014-07-04T15:37:06Z">
        </test-method>
        <test-method status="PASS" signature="testGetAppByIdWithMandatoryParameters()" name="testGetAppByIdWithMandatoryParameters" duration-ms="803" started-at="2014-07-04T15:37:06Z" description="soundcloud {getAppById} integration test with mandatory parameters." finished-at="2014-07-04T15:37:07Z">
        </test-method>
        <test-method status="PASS" signature="testGetAppsWithMandatoryParameters()" name="testGetAppsWithMandatoryParameters" duration-ms="1041" started-at="2014-07-04T15:37:07Z" description="soundcloud {getApps} integration test with mandatory parameters." finished-at="2014-07-04T15:37:08Z">
        </test-method>
        <test-method status="PASS" signature="testGetCommentOfTrackWithMandatoryParameters()" name="testGetCommentOfTrackWithMandatoryParameters" duration-ms="371" started-at="2014-07-04T15:37:08Z" description="soundcloud {getCommentOfTrack} integration test with mandatory parameters." finished-at="2014-07-04T15:37:09Z">
        </test-method>
        <test-method status="PASS" signature="testGetCommentsByIdOfTrackWithMandatoryParameters()" name="testGetCommentsByIdOfTrackWithMandatoryParameters" duration-ms="1075" started-at="2014-07-04T15:37:09Z" description="soundcloud {getCommentsByIdOfTrack} integration test with mandatory parameters." finished-at="2014-07-04T15:37:10Z">
        </test-method>
        <test-method status="PASS" signature="testGetContributorsOfGroupByIdWithMandatoryParameters()" name="testGetContributorsOfGroupByIdWithMandatoryParameters" duration-ms="4299" started-at="2014-07-04T15:37:10Z" description="soundcloud {getContributorsOfGroupById} integration test with mandatory parameters." finished-at="2014-07-04T15:37:14Z">
        </test-method>
        <test-method status="PASS" signature="testGetEmbedContentWithMandatoryParameters()" name="testGetEmbedContentWithMandatoryParameters" duration-ms="1602" started-at="2014-07-04T15:37:14Z" description="soundcloud {getEmbedContent} integration test with mandatory parameters." finished-at="2014-07-04T15:37:16Z">
        </test-method>
        <test-method status="PASS" signature="testGetFavoritersByIdOfTrackWithMandatoryParameters()" name="testGetFavoritersByIdOfTrackWithMandatoryParameters" duration-ms="474" started-at="2014-07-04T15:37:16Z" description="soundcloud {getFavoritersByIdOfTrack} integration test with mandatory parameters." finished-at="2014-07-04T15:37:16Z">
        </test-method>
        <test-method status="PASS" signature="testGetGroupByIdWithMandatoryParameters()" name="testGetGroupByIdWithMandatoryParameters" duration-ms="527" started-at="2014-07-04T15:37:16Z" description="soundcloud {getGroupById} integration test with mandatory parameters." finished-at="2014-07-04T15:37:17Z">
        </test-method>
        <test-method status="PASS" signature="testGetGroupsWithMandatoryParameters()" name="testGetGroupsWithMandatoryParameters" duration-ms="18658" started-at="2014-07-04T15:37:17Z" description="soundcloud {getGroups} integration test with mandatory parameters." finished-at="2014-07-04T15:37:35Z">
        </test-method>
        <test-method status="PASS" signature="testGetMembersOfGroupByIdWithMandatoryParameters()" name="testGetMembersOfGroupByIdWithMandatoryParameters" duration-ms="7356" started-at="2014-07-04T15:37:35Z" description="soundcloud {getMembersOfGroupById} integration test with mandatory parameters." finished-at="2014-07-04T15:37:43Z">
        </test-method>
        <test-method status="PASS" signature="testGetModeratorsOfGroupByIdWithMandatoryParameters()" name="testGetModeratorsOfGroupByIdWithMandatoryParameters" duration-ms="397" started-at="2014-07-04T15:37:43Z" description="soundcloud {getModeratorsOfGroupById} integration test with mandatory parameters." finished-at="2014-07-04T15:37:43Z">
        </test-method>
        <test-method status="PASS" signature="testGetPlaylistByIdWithMandatoryParameters()" name="testGetPlaylistByIdWithMandatoryParameters" duration-ms="422" started-at="2014-07-04T15:37:43Z" description="soundcloud {getPlaylistById} integration test with mandatory parameters." finished-at="2014-07-04T15:37:44Z">
        </test-method>
        <test-method status="PASS" signature="testGetTrackByIdWithMandatoryParameters()" name="testGetTrackByIdWithMandatoryParameters" duration-ms="315" started-at="2014-07-04T15:37:44Z" description="soundcloud {getTrackById} integration test with mandatory parameters." finished-at="2014-07-04T15:37:44Z">
        </test-method>
        <test-method status="PASS" signature="testGetTracksOfAppWithMandatoryParameters()" name="testGetTracksOfAppWithMandatoryParameters" duration-ms="3463" started-at="2014-07-04T15:37:44Z" description="soundcloud {getTracksOfApp} integration test with mandatory parameters." finished-at="2014-07-04T15:37:47Z">
        </test-method>
        <test-method status="PASS" signature="testGetTracksOfGroupByIdWithMandatoryParameters()" name="testGetTracksOfGroupByIdWithMandatoryParameters" duration-ms="4106" started-at="2014-07-04T15:37:47Z" description="soundcloud {getTracksOfGroupById} integration test with mandatory parameters." finished-at="2014-07-04T15:37:51Z">
        </test-method>
        <test-method status="PASS" signature="testGetTracksWithMandatoryParameters()" name="testGetTracksWithMandatoryParameters" duration-ms="2403" started-at="2014-07-04T15:37:51Z" description="soundcloud {getTracks} integration test with mandatory parameters." finished-at="2014-07-04T15:37:54Z">
        </test-method>
        <test-method status="PASS" signature="testGetUsersOfGroupByIdWithMandatoryParameters()" name="testGetUsersOfGroupByIdWithMandatoryParameters" duration-ms="12947" started-at="2014-07-04T15:37:54Z" description="soundcloud {getUsersOfGroupById} integration test with mandatory parameters." finished-at="2014-07-04T15:38:07Z">
        </test-method>
        <test-method status="PASS" signature="testResolveAllGroupsOfUserWithMandatoryParameters()" name="testResolveAllGroupsOfUserWithMandatoryParameters" duration-ms="1705" started-at="2014-07-04T15:38:07Z" description="soundcloud {resolveAllGroupsOfUser} integration test with mandatory parameters." finished-at="2014-07-04T15:38:08Z">
        </test-method>
        <test-method status="PASS" signature="testResolveAllTracksOfUserWithMandatoryParameters()" name="testResolveAllTracksOfUserWithMandatoryParameters" duration-ms="972" started-at="2014-07-04T15:38:08Z" description="soundcloud {resolveAllTracksOfUser} integration test with mandatory parameters." finished-at="2014-07-04T15:38:09Z">
        </test-method>
        <test-method status="PASS" signature="testResolveAppWithMandatoryParameters()" name="testResolveAppWithMandatoryParameters" duration-ms="978" started-at="2014-07-04T15:38:09Z" description="soundcloud {resolveApp} integration test with mandatory parameters." finished-at="2014-07-04T15:38:10Z">
        </test-method>
        <test-method status="PASS" signature="testResolveTrackWithMandatoryParameters()" name="testResolveTrackWithMandatoryParameters" duration-ms="983" started-at="2014-07-04T15:38:10Z" description="soundcloud {resolveTrack} integration test with mandatory parameters." finished-at="2014-07-04T15:38:11Z">
        </test-method>
        <test-method status="PASS" signature="testResolveUserWithMandatoryParameters()" name="testResolveUserWithMandatoryParameters" duration-ms="944" started-at="2014-07-04T15:38:11Z" description="soundcloud {resolveUser} integration test with mandatory parameters." finished-at="2014-07-04T15:38:12Z">
        </test-method>
        <test-method status="PASS" signature="testSoundcloudActivitiesAffiliatedOptional()" name="testSoundcloudActivitiesAffiliatedOptional" duration-ms="1478" started-at="2014-07-04T15:38:12Z" description="Soundcloud getActivitiesTracksAffiliated" finished-at="2014-07-04T15:38:14Z">
        </test-method>
        <test-method status="PASS" signature="testSoundcloudActivitiesAffiliatedPositive()" name="testSoundcloudActivitiesAffiliatedPositive" duration-ms="3500" started-at="2014-07-04T15:38:14Z" description="Soundcloud getActivitiesTracksAffiliated" finished-at="2014-07-04T15:38:17Z">
        </test-method>
        <test-method status="PASS" signature="testSoundcloudActivitiesExclusiveOptional()" name="testSoundcloudActivitiesExclusiveOptional" duration-ms="431" started-at="2014-07-04T15:38:17Z" description="Soundcloud getActivitiesTracksExclusive" finished-at="2014-07-04T15:38:18Z">
        </test-method>
        <test-method status="PASS" signature="testSoundcloudActivitiesExclusivePositive()" name="testSoundcloudActivitiesExclusivePositive" duration-ms="448" started-at="2014-07-04T15:38:18Z" description="Soundcloud getActivitiesTracksExclusive" finished-at="2014-07-04T15:38:18Z">
        </test-method>
        <test-method status="PASS" signature="testSoundcloudActivitiesPositive()" name="testSoundcloudActivitiesPositive" duration-ms="4111" started-at="2014-07-04T15:38:18Z" description="Soundcloud getActivities" finished-at="2014-07-04T15:38:22Z">
        </test-method>
        <test-method status="PASS" signature="testSoundcloudAllActivitiesPositive()" name="testSoundcloudAllActivitiesPositive" duration-ms="2996" started-at="2014-07-04T15:38:22Z" description="Soundcloud getAllActivities" finished-at="2014-07-04T15:38:25Z">
        </test-method>
        <test-method status="PASS" signature="testSoundcloudAllCommentsPositive()" name="testSoundcloudAllCommentsPositive" duration-ms="4036" started-at="2014-07-04T15:38:25Z" description="Soundcloud getAllComments" finished-at="2014-07-04T15:38:29Z">
        </test-method>
        <test-method status="PASS" signature="testSoundcloudAllOwnActivitiesPositive()" name="testSoundcloudAllOwnActivitiesPositive" duration-ms="581" started-at="2014-07-04T15:38:29Z" description="Soundcloud getAllOwnActivities" finished-at="2014-07-04T15:38:30Z">
        </test-method>
        <test-method status="PASS" signature="testSoundcloudCommentsNegative()" name="testSoundcloudCommentsNegative" duration-ms="398" started-at="2014-07-04T15:38:30Z" description="Soundcloud getComments" finished-at="2014-07-04T15:38:30Z">
        </test-method>
        <test-method status="PASS" signature="testSoundcloudCommentsPositive()" name="testSoundcloudCommentsPositive" duration-ms="403" started-at="2014-07-04T15:38:30Z" description="Soundcloud getComments" finished-at="2014-07-04T15:38:31Z">
        </test-method>
        <test-method status="PASS" signature="testSoundcloudGetConnectionByIdPositive()" name="testSoundcloudGetConnectionByIdPositive" duration-ms="400" started-at="2014-07-04T15:38:31Z" description="Soundcloud getConnectionById" finished-at="2014-07-04T15:38:31Z">
        </test-method>
        <test-method status="PASS" signature="testSoundcloudGetConnectionsPositive()" name="testSoundcloudGetConnectionsPositive" duration-ms="402" started-at="2014-07-04T15:38:31Z" description="Soundcloud getConnections" finished-at="2014-07-04T15:38:32Z">
        </test-method>
        <test-method status="PASS" signature="testSoundcloudGetMePositive()" name="testSoundcloudGetMePositive" duration-ms="496" started-at="2014-07-04T15:38:32Z" description="Soundcloud getMe" finished-at="2014-07-04T15:38:32Z">
        </test-method>
        <test-method status="PASS" signature="testSoundcloudGetUserCommentsPositive()" name="testSoundcloudGetUserCommentsPositive" duration-ms="805" started-at="2014-07-04T15:38:32Z" description="Soundcloud getUserComments" finished-at="2014-07-04T15:38:33Z">
        </test-method>
        <test-method status="PASS" signature="testSoundcloudGetUserFavoritesPositive()" name="testSoundcloudGetUserFavoritesPositive" duration-ms="466" started-at="2014-07-04T15:38:33Z" description="Soundcloud getUserFavorites" finished-at="2014-07-04T15:38:33Z">
        </test-method>
        <test-method status="PASS" signature="testSoundcloudGetUserFollowersPositive()" name="testSoundcloudGetUserFollowersPositive" duration-ms="414" started-at="2014-07-04T15:38:33Z" description="Soundcloud getUserFollowers" finished-at="2014-07-04T15:38:34Z">
        </test-method>
        <test-method status="PASS" signature="testSoundcloudGetUserFollowingsPositive()" name="testSoundcloudGetUserFollowingsPositive" duration-ms="502" started-at="2014-07-04T15:38:34Z" description="Soundcloud getUserFollowings" finished-at="2014-07-04T15:38:34Z">
        </test-method>
        <test-method status="PASS" signature="testSoundcloudGetUserGroupsPositive()" name="testSoundcloudGetUserGroupsPositive" duration-ms="435" started-at="2014-07-04T15:38:34Z" description="Soundcloud getUserGroups" finished-at="2014-07-04T15:38:35Z">
        </test-method>
        <test-method status="PASS" signature="testSoundcloudGetUserPlaylistsPositive()" name="testSoundcloudGetUserPlaylistsPositive" duration-ms="816" started-at="2014-07-04T15:38:35Z" description="Soundcloud getUserPlaylists" finished-at="2014-07-04T15:38:35Z">
        </test-method>
        <test-method status="PASS" signature="testSoundcloudGetUserPositive()" name="testSoundcloudGetUserPositive" duration-ms="340" started-at="2014-07-04T15:38:35Z" description="Soundcloud getUser" finished-at="2014-07-04T15:38:36Z">
        </test-method>
        <test-method status="PASS" signature="testSoundcloudGetUserTracksPositive()" name="testSoundcloudGetUserTracksPositive" duration-ms="360" started-at="2014-07-04T15:38:36Z" description="Soundcloud getUserTracks" finished-at="2014-07-04T15:38:36Z">
        </test-method>
        <test-method status="PASS" signature="testSoundcloudGetUserWebProfilesPositive()" name="testSoundcloudGetUserWebProfilesPositive" duration-ms="846" started-at="2014-07-04T15:38:36Z" description="Soundcloud getUserWebProfile" finished-at="2014-07-04T15:38:37Z">
        </test-method>
        <test-method status="PASS" signature="testSoundcloudSearchUserPositive()" name="testSoundcloudSearchUserPositive" duration-ms="330" started-at="2014-07-04T15:38:37Z" description="Soundcloud searchUsers" finished-at="2014-07-04T15:38:37Z">
        </test-method>
        <test-method status="PASS" signature="testSoundcloudSetConnectionsNegative()" name="testSoundcloudSetConnectionsNegative" duration-ms="967" started-at="2014-07-04T15:38:37Z" description="Soundcloud setConnections" finished-at="2014-07-04T15:38:38Z">
        </test-method>
        <test-method status="PASS" signature="testSoundcloudSetConnectionsPositive()" name="testSoundcloudSetConnectionsPositive" duration-ms="1035" started-at="2014-07-04T15:38:38Z" description="Soundcloud setConnections" finished-at="2014-07-04T15:38:39Z">
        </test-method>
        <test-method status="PASS" signature="testSoundcloudgetAllCommentsNegative()" name="testSoundcloudgetAllCommentsNegative" duration-ms="424" started-at="2014-07-04T15:38:39Z" description="Soundcloud getAllComments" finished-at="2014-07-04T15:38:40Z">
        </test-method>
        <test-method status="PASS" signature="testDeleteTrackWithNegativeCase()" name="testDeleteTrackWithNegativeCase" duration-ms="203" started-at="2014-07-04T15:38:40Z" description="soundcloud {deleteTrack} integration test with negative case." finished-at="2014-07-04T15:38:40Z">
        </test-method>
        <test-method status="PASS" signature="testGetAppByIdWithNegativeCase()" name="testGetAppByIdWithNegativeCase" duration-ms="378" started-at="2014-07-04T15:38:40Z" description="soundcloud {getAppById} integration test with negative case." finished-at="2014-07-04T15:38:40Z">
        </test-method>
        <test-method status="PASS" signature="testGetAppsWithNegativeCase()" name="testGetAppsWithNegativeCase" duration-ms="420" started-at="2014-07-04T15:38:40Z" description="soundcloud {getApps} integration test with negatvie case." finished-at="2014-07-04T15:38:41Z">
        </test-method>
        <test-method status="PASS" signature="testGetCommentOfTrackWithNegativeCase()" name="testGetCommentOfTrackWithNegativeCase" duration-ms="386" started-at="2014-07-04T15:38:41Z" description="soundcloud {getCommentOfTrack} integration test with negative case." finished-at="2014-07-04T15:38:41Z">
        </test-method>
        <test-method status="PASS" signature="testGetCommentsByIdOfTrackWithNegativeCase()" name="testGetCommentsByIdOfTrackWithNegativeCase" duration-ms="398" started-at="2014-07-04T15:38:41Z" description="soundcloud {getCommentsByIdOfTrack} integration test with negative case." finished-at="2014-07-04T15:38:42Z">
        </test-method>
        <test-method status="PASS" signature="testGetContributorsOfGroupByIdWithNegativeCase()" name="testGetContributorsOfGroupByIdWithNegativeCase" duration-ms="386" started-at="2014-07-04T15:38:42Z" description="soundcloud {getContributorsOfGroupById} integration test with negative case." finished-at="2014-07-04T15:38:42Z">
        </test-method>
        <test-method status="PASS" signature="testGetEmbedContentWithNegativeCase()" name="testGetEmbedContentWithNegativeCase" duration-ms="1149" started-at="2014-07-04T15:38:42Z" description="soundcloud {getEmbedContent} integration test with negative case." finished-at="2014-07-04T15:38:43Z">
        </test-method>
        <test-method status="PASS" signature="testGetFavoritersByIdOfTrackWithNegativeCase()" name="testGetFavoritersByIdOfTrackWithNegativeCase" duration-ms="374" started-at="2014-07-04T15:38:43Z" description="soundcloud {getFavoritersByIdOfTrack} integration test with negative case." finished-at="2014-07-04T15:38:44Z">
        </test-method>
        <test-method status="PASS" signature="testGetGroupByIdWithNegativeCase()" name="testGetGroupByIdWithNegativeCase" duration-ms="589" started-at="2014-07-04T15:38:44Z" description="soundcloud {getGroupById} integration test with negative case." finished-at="2014-07-04T15:38:44Z">
        </test-method>
        <test-method status="PASS" signature="testGetGroupsWithNegativeCase()" name="testGetGroupsWithNegativeCase" duration-ms="680" started-at="2014-07-04T15:38:44Z" description="soundcloud {getGroups} integration test with negative case." finished-at="2014-07-04T15:38:45Z">
        </test-method>
        <test-method status="PASS" signature="testGetMembersOfGroupByIdWithNegativeCase()" name="testGetMembersOfGroupByIdWithNegativeCase" duration-ms="389" started-at="2014-07-04T15:38:45Z" description="soundcloud {getMembersOfGroupById} integration test with negative case." finished-at="2014-07-04T15:38:45Z">
        </test-method>
        <test-method status="PASS" signature="testGetModeratorsOfGroupByIdWithNegativeCase()" name="testGetModeratorsOfGroupByIdWithNegativeCase" duration-ms="407" started-at="2014-07-04T15:38:45Z" description="soundcloud {getModeratorsOfGroupById} integration test with negative case." finished-at="2014-07-04T15:38:46Z">
        </test-method>
        <test-method status="PASS" signature="testGetPlaylistByIdWithNegativeCase()" name="testGetPlaylistByIdWithNegativeCase" duration-ms="419" started-at="2014-07-04T15:38:46Z" description="soundcloud {getPlaylistById} integration test with negative case." finished-at="2014-07-04T15:38:46Z">
        </test-method>
        <test-method status="PASS" signature="testGetTrackByIdWithNegativeCase()" name="testGetTrackByIdWithNegativeCase" duration-ms="414" started-at="2014-07-04T15:38:46Z" description="soundcloud {getTrackById} integration test with negative case." finished-at="2014-07-04T15:38:46Z">
        </test-method>
        <test-method status="PASS" signature="testGetTracksOfAppWithNegativeCase()" name="testGetTracksOfAppWithNegativeCase" duration-ms="495" started-at="2014-07-04T15:38:46Z" description="soundcloud {getTracksOfApp} integration test with negative case." finished-at="2014-07-04T15:38:47Z">
        </test-method>
        <test-method status="PASS" signature="testGetTracksOfGroupByIdWithNegativeCase()" name="testGetTracksOfGroupByIdWithNegativeCase" duration-ms="453" started-at="2014-07-04T15:38:47Z" description="soundcloud {getTracksOfGroupById} integration test with negative case." finished-at="2014-07-04T15:38:47Z">
        </test-method>
        <test-method status="PASS" signature="testGetTracksWithNegativeCase()" name="testGetTracksWithNegativeCase" duration-ms="571" started-at="2014-07-04T15:38:47Z" description="soundcloud {getTracks} integration test with negative case." finished-at="2014-07-04T15:38:48Z">
        </test-method>
        <test-method status="PASS" signature="testGetUsersOfGroupByIdWithNegativeCase()" name="testGetUsersOfGroupByIdWithNegativeCase" duration-ms="415" started-at="2014-07-04T15:38:48Z" description="soundcloud {getUsersOfGroupById} integration test with negative case." finished-at="2014-07-04T15:38:48Z">
        </test-method>
        <test-method status="PASS" signature="testResolveAllGroupsOfUserWithNegativeCase()" name="testResolveAllGroupsOfUserWithNegativeCase" duration-ms="504" started-at="2014-07-04T15:38:48Z" description="soundcloud {resolveAllGroupsOfUser} integration test with negative case." finished-at="2014-07-04T15:38:49Z">
        </test-method>
        <test-method status="PASS" signature="testResolveAllTracksOfUserWithNegativeCase()" name="testResolveAllTracksOfUserWithNegativeCase" duration-ms="498" started-at="2014-07-04T15:38:49Z" description="soundcloud {resolveAllTracksOfUser} integration test with negative case." finished-at="2014-07-04T15:38:49Z">
        </test-method>
        <test-method status="PASS" signature="testResolveAppWithNegativeCase()" name="testResolveAppWithNegativeCase" duration-ms="509" started-at="2014-07-04T15:38:49Z" description="soundcloud {resolveApp} integration test with negative case." finished-at="2014-07-04T15:38:50Z">
        </test-method>
        <test-method status="PASS" signature="testResolveTrackWithNegativeCase()" name="testResolveTrackWithNegativeCase" duration-ms="414" started-at="2014-07-04T15:38:50Z" description="soundcloud {resolveTrack} integration test with negative case." finished-at="2014-07-04T15:38:50Z">
        </test-method>
        <test-method status="PASS" signature="testResolveUserWithNegativeCase()" name="testResolveUserWithNegativeCase" duration-ms="450" started-at="2014-07-04T15:38:50Z" description="soundcloud {resolveUser} integration test with negative case." finished-at="2014-07-04T15:38:51Z">
        </test-method>
        <test-method status="PASS" signature="testSoundcloudActivitiesAffiliatedNegative()" name="testSoundcloudActivitiesAffiliatedNegative" duration-ms="1016" started-at="2014-07-04T15:38:51Z" description="Soundcloud getActivitiesTracksAffiliated" finished-at="2014-07-04T15:38:52Z">
        </test-method>
        <test-method status="PASS" signature="testSoundcloudActivitiesExclusiveNegative()" name="testSoundcloudActivitiesExclusiveNegative" duration-ms="497" started-at="2014-07-04T15:38:52Z" description="Soundcloud getActivitiesTracksExclusive" finished-at="2014-07-04T15:38:52Z">
        </test-method>
        <test-method status="PASS" signature="testSoundcloudActivitiesNegative()" name="testSoundcloudActivitiesNegative" duration-ms="638" started-at="2014-07-04T15:38:52Z" description="Soundcloud getActivities" finished-at="2014-07-04T15:38:53Z">
        </test-method>
        <test-method status="PASS" signature="testSoundcloudAllActivitiesNegative()" name="testSoundcloudAllActivitiesNegative" duration-ms="405" started-at="2014-07-04T15:38:53Z" description="Soundcloud getAllActivities" finished-at="2014-07-04T15:38:53Z">
        </test-method>
        <test-method status="PASS" signature="testSoundcloudAllOwnActivitiesNegative()" name="testSoundcloudAllOwnActivitiesNegative" duration-ms="380" started-at="2014-07-04T15:38:53Z" description="Soundcloud getAllOwnActivities" finished-at="2014-07-04T15:38:54Z">
        </test-method>
        <test-method status="PASS" signature="testSoundcloudGetConnectionByIdNegative()" name="testSoundcloudGetConnectionByIdNegative" duration-ms="379" started-at="2014-07-04T15:38:54Z" description="Soundcloud getConnectionById" finished-at="2014-07-04T15:38:54Z">
        </test-method>
        <test-method status="PASS" signature="testSoundcloudGetConnectionsNegative()" name="testSoundcloudGetConnectionsNegative" duration-ms="407" started-at="2014-07-04T15:38:54Z" description="Soundcloud getConnections" finished-at="2014-07-04T15:38:54Z">
        </test-method>
        <test-method status="PASS" signature="testSoundcloudGetMeNegative()" name="testSoundcloudGetMeNegative" duration-ms="1013" started-at="2014-07-04T15:38:54Z" description="Soundcloud getMe" finished-at="2014-07-04T15:38:55Z">
        </test-method>
        <test-method status="PASS" signature="testSoundcloudGetUserCommentsNegative()" name="testSoundcloudGetUserCommentsNegative" duration-ms="404" started-at="2014-07-04T15:38:55Z" description="Soundcloud getUserComments" finished-at="2014-07-04T15:38:56Z">
        </test-method>
        <test-method status="PASS" signature="testSoundcloudGetUserFavoritesNegative()" name="testSoundcloudGetUserFavoritesNegative" duration-ms="395" started-at="2014-07-04T15:38:56Z" description="Soundcloud getUserFavorites" finished-at="2014-07-04T15:38:56Z">
        </test-method>
        <test-method status="PASS" signature="testSoundcloudGetUserFollowersNegative()" name="testSoundcloudGetUserFollowersNegative" duration-ms="371" started-at="2014-07-04T15:38:56Z" description="Soundcloud getUserFollowers" finished-at="2014-07-04T15:38:57Z">
        </test-method>
        <test-method status="PASS" signature="testSoundcloudGetUserFollowingsNegative()" name="testSoundcloudGetUserFollowingsNegative" duration-ms="377" started-at="2014-07-04T15:38:57Z" description="Soundcloud getUserFollowings" finished-at="2014-07-04T15:38:57Z">
        </test-method>
        <test-method status="PASS" signature="testSoundcloudGetUserGroupsNegative()" name="testSoundcloudGetUserGroupsNegative" duration-ms="504" started-at="2014-07-04T15:38:57Z" description="Soundcloud getUserGroups" finished-at="2014-07-04T15:38:58Z">
        </test-method>
        <test-method status="PASS" signature="testSoundcloudGetUserNegative()" name="testSoundcloudGetUserNegative" duration-ms="374" started-at="2014-07-04T15:38:58Z" description="Soundcloud getUser" finished-at="2014-07-04T15:38:58Z">
        </test-method>
        <test-method status="PASS" signature="testSoundcloudGetUserPlaylistsNegative()" name="testSoundcloudGetUserPlaylistsNegative" duration-ms="393" started-at="2014-07-04T15:38:58Z" description="Soundcloud getUserPlaylists" finished-at="2014-07-04T15:38:58Z">
        </test-method>
        <test-method status="PASS" signature="testSoundcloudGetUserTracksNegative()" name="testSoundcloudGetUserTracksNegative" duration-ms="384" started-at="2014-07-04T15:38:58Z" description="Soundcloud getUserTracks" finished-at="2014-07-04T15:38:59Z">
        </test-method>
        <test-method status="PASS" signature="testSoundcloudGetUserWebProfilesNegative()" name="testSoundcloudGetUserWebProfilesNegative" duration-ms="532" started-at="2014-07-04T15:38:59Z" description="Soundcloud getUserWebProfile" finished-at="2014-07-04T15:38:59Z">
        </test-method>
        <test-method status="PASS" signature="testSoundcloudSearchUserNegative()" name="testSoundcloudSearchUserNegative" duration-ms="898" started-at="2014-07-04T15:38:59Z" description="Soundcloud searchUsers" finished-at="2014-07-04T15:39:00Z">
        </test-method>
        <test-method status="PASS" signature="testUpdateTrackWithNegativeCase()" name="testUpdateTrackWithNegativeCase" duration-ms="418" started-at="2014-07-04T15:39:00Z" description="soundcloud {updateTrack} integration test with negative case." finished-at="2014-07-04T15:39:01Z">
        </test-method>
        <test-method status="PASS" signature="testGetGroupsWithOptionalParameters()" name="testGetGroupsWithOptionalParameters" duration-ms="3010" started-at="2014-07-04T15:39:01Z" description="soundcloud {getGroups} integration test with optional parameters." finished-at="2014-07-04T15:39:04Z">
        </test-method>
        <test-method status="PASS" signature="testGetTracksOfAppWithOptionalParameters()" name="testGetTracksOfAppWithOptionalParameters" duration-ms="683" started-at="2014-07-04T15:39:04Z" description="soundcloud {getTracksOfApp} integration test with optional parameters." finished-at="2014-07-04T15:39:04Z">
        </test-method>
        <test-method status="PASS" signature="testGetTracksWithOptionalParameters()" name="testGetTracksWithOptionalParameters" duration-ms="355" started-at="2014-07-04T15:39:04Z" description="soundcloud {getTracks} integration test with optional parameters." finished-at="2014-07-04T15:39:05Z">
        </test-method>
        <test-method status="PASS" signature="testSoundcloudActivitiesOptional()" name="testSoundcloudActivitiesOptional" duration-ms="1733" started-at="2014-07-04T15:39:05Z" description="Soundcloud getActivities" finished-at="2014-07-04T15:39:06Z">
        </test-method>
        <test-method status="PASS" signature="testSoundcloudAllActivitiesOptional()" name="testSoundcloudAllActivitiesOptional" duration-ms="482" started-at="2014-07-04T15:39:06Z" description="Soundcloud getAllActivities" finished-at="2014-07-04T15:39:07Z">
        </test-method>
        <test-method status="PASS" signature="testSoundcloudAllOwnActivitiesOptional()" name="testSoundcloudAllOwnActivitiesOptional" duration-ms="482" started-at="2014-07-04T15:39:07Z" description="Soundcloud getAllOwnActivities" finished-at="2014-07-04T15:39:07Z">
        </test-method>
        <test-method status="PASS" signature="testSoundcloudSearchUsersOptional()" name="testSoundcloudSearchUsersOptional" duration-ms="335" started-at="2014-07-04T15:39:07Z" description="soundcloud searchUsers integration test with Optional parameters" finished-at="2014-07-04T15:39:08Z">
        </test-method>
        <test-method status="PASS" signature="testUpdateTrackWithOptionalParameters()" name="testUpdateTrackWithOptionalParameters" duration-ms="913" started-at="2014-07-04T15:39:08Z" description="soundcloud {updateTrack} integration test with optional parameters." finished-at="2014-07-04T15:39:09Z">
        </test-method>
        <test-method status="PASS" signature="cleanUpEsb()" name="cleanUpEsb" is-config="true" duration-ms="88" started-at="2014-07-04T15:39:09Z" finished-at="2014-07-04T15:39:09Z">
        </test-method>
      </class>
    </test>
  </suite>
</testng-results>
