<?xml version="1.0" encoding="UTF-8" ?>
<testsuite failures="2" time="41.863" errors="0" skipped="0" tests="28" name="TestSuite">
  <properties>
[...]
</properties>
  <testcase time="3.619" classname="org.wso2.carbon.connector.integration.test.foursquare.FoursquareConnectorIntegrationTest" name="testaddCheckinsWithMandatoryParameters"/>
  <testcase time="0.594" classname="org.wso2.carbon.connector.integration.test.foursquare.FoursquareConnectorIntegrationTest" name="testapproveFriendsWithMandatoryFields">
    <failure message="expected:&lt;200&gt; but was:&lt;400&gt;" type="java.lang.AssertionError">java.lang.AssertionError: expected:&lt;200&gt; but was:&lt;400&gt;
	at org.testng.Assert.fail(Assert.java:89)
	at org.testng.Assert.failNotEquals(Assert.java:489)
	at org.testng.Assert.assertEquals(Assert.java:118)
	at org.testng.Assert.assertEquals(Assert.java:365)
	at org.testng.Assert.assertEquals(Assert.java:375)
	at org.wso2.carbon.connector.integration.test.foursquare.FoursquareConnectorIntegrationTest.testapproveFriendsWithMandatoryFields(FoursquareConnectorIntegrationTest.java:667)
</failure>
    <system-out>[2014-07-05 05:02:29,318]  INFO {org.wso2.carbon.automation.core.PlatformTestManager} -  On test success..
[2014-07-05 05:02:29,319]  INFO {org.wso2.carbon.automation.core.PlatformTestManager} -  Running the test method --- org.wso2.carbon.connector.integration.test.foursquare.FoursquareConnectorIntegrationTest.testapproveFriendsWithMandatoryFields ----
</system-out>
  </testcase>
  <testcase time="1.175" classname="org.wso2.carbon.connector.integration.test.foursquare.FoursquareConnectorIntegrationTest" name="testapproveFriendsWithNegativeCase"/>
  <testcase time="1.146" classname="org.wso2.carbon.connector.integration.test.foursquare.FoursquareConnectorIntegrationTest" name="testgetCheckinDetailsNegativeCase"/>
  <testcase time="1.807" classname="org.wso2.carbon.connector.integration.test.foursquare.FoursquareConnectorIntegrationTest" name="testgetCheckinDetailsWithMandatoryFields"/>
  <testcase time="1.23" classname="org.wso2.carbon.connector.integration.test.foursquare.FoursquareConnectorIntegrationTest" name="testgetCheckinDetailsWithOptionalFields"/>
  <testcase time="1.808" classname="org.wso2.carbon.connector.integration.test.foursquare.FoursquareConnectorIntegrationTest" name="testgetCheckinRecentMandatoryParameters"/>
  <testcase time="1.194" classname="org.wso2.carbon.connector.integration.test.foursquare.FoursquareConnectorIntegrationTest" name="testgetUserDetailsWithMandatoryFields"/>
  <testcase time="1.105" classname="org.wso2.carbon.connector.integration.test.foursquare.FoursquareConnectorIntegrationTest" name="testgetUserDetailsWithNegativeCase"/>
  <testcase time="0.579" classname="org.wso2.carbon.connector.integration.test.foursquare.FoursquareConnectorIntegrationTest" name="testunFriendsWithMandatoryFields"/>
  <testcase time="1.159" classname="org.wso2.carbon.connector.integration.test.foursquare.FoursquareConnectorIntegrationTest" name="testunFriendsWithNegativeFields"/>
  <testcase time="1.159" classname="org.wso2.carbon.connector.integration.test.foursquare.FoursquareConnectorIntegrationTest" name="testaddCheckinCommentMandatoryParameters"/>
  <testcase time="1.069" classname="org.wso2.carbon.connector.integration.test.foursquare.FoursquareConnectorIntegrationTest" name="testaddCheckinCommentNegativeParameters"/>
  <testcase time="1.711" classname="org.wso2.carbon.connector.integration.test.foursquare.FoursquareConnectorIntegrationTest" name="testaddCheckinsWithNegativeParameters"/>
  <testcase time="2.288" classname="org.wso2.carbon.connector.integration.test.foursquare.FoursquareConnectorIntegrationTest" name="testdeleteCheckinCommentMandatoryParameters"/>
  <testcase time="2.261" classname="org.wso2.carbon.connector.integration.test.foursquare.FoursquareConnectorIntegrationTest" name="testdeleteCheckinCommentNegativeParameters"/>
  <testcase time="2.986" classname="org.wso2.carbon.connector.integration.test.foursquare.FoursquareConnectorIntegrationTest" name="testgetBadgeDetailsWithMandatoryFields"/>
  <testcase time="1.1" classname="org.wso2.carbon.connector.integration.test.foursquare.FoursquareConnectorIntegrationTest" name="testgetBadgeDetailsWithNegativeCase"/>
  <testcase time="1.108" classname="org.wso2.carbon.connector.integration.test.foursquare.FoursquareConnectorIntegrationTest" name="testgetCheckinRecentNegativeParameters"/>
  <testcase time="2.983" classname="org.wso2.carbon.connector.integration.test.foursquare.FoursquareConnectorIntegrationTest" name="testgetCheckinRecentOptionalParameters"/>
  <testcase time="1.157" classname="org.wso2.carbon.connector.integration.test.foursquare.FoursquareConnectorIntegrationTest" name="testgetFriendDetailsWithMandatoryFields"/>
  <testcase time="1.156" classname="org.wso2.carbon.connector.integration.test.foursquare.FoursquareConnectorIntegrationTest" name="testgetFriendDetailsWithNegativeCase"/>
  <testcase time="1.105" classname="org.wso2.carbon.connector.integration.test.foursquare.FoursquareConnectorIntegrationTest" name="testgetFriendDetailsWithOptionalFields"/>
  <testcase time="1.098" classname="org.wso2.carbon.connector.integration.test.foursquare.FoursquareConnectorIntegrationTest" name="testgetMayorshipDetailsWithMandatoryFields"/>
  <testcase time="1.141" classname="org.wso2.carbon.connector.integration.test.foursquare.FoursquareConnectorIntegrationTest" name="testgetMayorshipDetailsWithNegativeCase"/>
  <testcase time="1.252" classname="org.wso2.carbon.connector.integration.test.foursquare.FoursquareConnectorIntegrationTest" name="testgetTipsDetailsWithMandatoryFields"/>
  <testcase time="1.145" classname="org.wso2.carbon.connector.integration.test.foursquare.FoursquareConnectorIntegrationTest" name="testgetTipsDetailsWithNegativeCase">
    <failure message="expected:&lt;400&gt; but was:&lt;200&gt;" type="java.lang.AssertionError">java.lang.AssertionError: expected:&lt;400&gt; but was:&lt;200&gt;
	at org.testng.Assert.fail(Assert.java:89)
	at org.testng.Assert.failNotEquals(Assert.java:489)
	at org.testng.Assert.assertEquals(Assert.java:118)
	at org.testng.Assert.assertEquals(Assert.java:365)
	at org.testng.Assert.assertEquals(Assert.java:375)
	at org.wso2.carbon.connector.integration.test.foursquare.FoursquareConnectorIntegrationTest.testgetTipsDetailsWithNegativeCase(FoursquareConnectorIntegrationTest.java:640)
</failure>
    <system-out>[2014-07-05 05:03:04,724]  INFO {org.wso2.carbon.automation.core.PlatformTestManager} -  On test success..
[2014-07-05 05:03:04,725]  INFO {org.wso2.carbon.automation.core.PlatformTestManager} -  Running the test method --- org.wso2.carbon.connector.integration.test.foursquare.FoursquareConnectorIntegrationTest.testgetTipsDetailsWithNegativeCase ----
</system-out>
  </testcase>
  <testcase time="1.728" classname="org.wso2.carbon.connector.integration.test.foursquare.FoursquareConnectorIntegrationTest" name="testgetTipsDetailsWithOptionlaFields"/>
</testsuite>