<?xml version="1.0" encoding="UTF-8" ?>
<testsuite failures="0" time="45.799" errors="0" skipped="0" tests="31" name="TestSuite">
  <properties>
[...]
</properties>
  <testcase time="3.974" classname="org.wso2.carbon.connector.integration.test.foursquare.FoursquareConnectorIntegrationTest" name="testaddCheckinsWithMandatoryParameters"/>
  <testcase time="0.693" classname="org.wso2.carbon.connector.integration.test.foursquare.FoursquareConnectorIntegrationTest" name="testapproveFriendsWithMandatoryFields"/>
  <testcase time="1.564" classname="org.wso2.carbon.connector.integration.test.foursquare.FoursquareConnectorIntegrationTest" name="testapproveFriendsWithNegativeCase"/>
  <testcase time="0.669" classname="org.wso2.carbon.connector.integration.test.foursquare.FoursquareConnectorIntegrationTest" name="testgetCheckinDetailsNegativeCase"/>
  <testcase time="2.839" classname="org.wso2.carbon.connector.integration.test.foursquare.FoursquareConnectorIntegrationTest" name="testgetCheckinDetailsWithMandatoryFields"/>
  <testcase time="2.291" classname="org.wso2.carbon.connector.integration.test.foursquare.FoursquareConnectorIntegrationTest" name="testgetCheckinDetailsWithOptionalFields"/>
  <testcase time="2.628" classname="org.wso2.carbon.connector.integration.test.foursquare.FoursquareConnectorIntegrationTest" name="testgetCheckinRecentMandatoryParameters"/>
  <testcase time="2.78" classname="org.wso2.carbon.connector.integration.test.foursquare.FoursquareConnectorIntegrationTest" name="testgetUserDetailsWithMandatoryFields"/>
  <testcase time="0.686" classname="org.wso2.carbon.connector.integration.test.foursquare.FoursquareConnectorIntegrationTest" name="testgetUserDetailsWithNegativeCase"/>
  <testcase time="0.364" classname="org.wso2.carbon.connector.integration.test.foursquare.FoursquareConnectorIntegrationTest" name="testunFriendsWithMandatoryFields"/>
  <testcase time="0.825" classname="org.wso2.carbon.connector.integration.test.foursquare.FoursquareConnectorIntegrationTest" name="testunFriendsWithNegativeFields"/>
  <testcase time="0.758" classname="org.wso2.carbon.connector.integration.test.foursquare.FoursquareConnectorIntegrationTest" name="testaddCheckinCommentMandatoryParameters"/>
  <testcase time="0.7" classname="org.wso2.carbon.connector.integration.test.foursquare.FoursquareConnectorIntegrationTest" name="testaddCheckinCommentNegativeParameters"/>
  <testcase time="1.205" classname="org.wso2.carbon.connector.integration.test.foursquare.FoursquareConnectorIntegrationTest" name="testaddCheckinsWithNegativeParameters"/>
  <testcase time="1.648" classname="org.wso2.carbon.connector.integration.test.foursquare.FoursquareConnectorIntegrationTest" name="testdeleteCheckinCommentMandatoryParameters"/>
  <testcase time="1.652" classname="org.wso2.carbon.connector.integration.test.foursquare.FoursquareConnectorIntegrationTest" name="testdeleteCheckinCommentNegativeParameters"/>
  <testcase time="3.64" classname="org.wso2.carbon.connector.integration.test.foursquare.FoursquareConnectorIntegrationTest" name="testgetBadgeDetailsWithMandatoryFields"/>
  <testcase time="1.351" classname="org.wso2.carbon.connector.integration.test.foursquare.FoursquareConnectorIntegrationTest" name="testgetBadgeDetailsWithNegativeCase"/>
  <testcase time="0.693" classname="org.wso2.carbon.connector.integration.test.foursquare.FoursquareConnectorIntegrationTest" name="testgetCheckinRecentNegativeParameters"/>
  <testcase time="3.831" classname="org.wso2.carbon.connector.integration.test.foursquare.FoursquareConnectorIntegrationTest" name="testgetCheckinRecentOptionalParameters"/>
  <testcase time="0.909" classname="org.wso2.carbon.connector.integration.test.foursquare.FoursquareConnectorIntegrationTest" name="testgetFriendDetailsWithMandatoryFields"/>
  <testcase time="0.685" classname="org.wso2.carbon.connector.integration.test.foursquare.FoursquareConnectorIntegrationTest" name="testgetFriendDetailsWithNegativeCase"/>
  <testcase time="0.689" classname="org.wso2.carbon.connector.integration.test.foursquare.FoursquareConnectorIntegrationTest" name="testgetFriendDetailsWithOptionalFields"/>
  <testcase time="0.673" classname="org.wso2.carbon.connector.integration.test.foursquare.FoursquareConnectorIntegrationTest" name="testgetMayorshipDetailsWithMandatoryFields"/>
  <testcase time="0.658" classname="org.wso2.carbon.connector.integration.test.foursquare.FoursquareConnectorIntegrationTest" name="testgetMayorshipDetailsWithNegativeCase"/>
  <testcase time="2.21" classname="org.wso2.carbon.connector.integration.test.foursquare.FoursquareConnectorIntegrationTest" name="testgetTipsDetailsWithMandatoryFields"/>
  <testcase time="0.68" classname="org.wso2.carbon.connector.integration.test.foursquare.FoursquareConnectorIntegrationTest" name="testgetTipsDetailsWithNegativeCase"/>
  <testcase time="0.742" classname="org.wso2.carbon.connector.integration.test.foursquare.FoursquareConnectorIntegrationTest" name="testgetTipsDetailsWithOptionlaFields"/>
  <testcase time="2.267" classname="org.wso2.carbon.connector.integration.test.foursquare.FoursquareConnectorIntegrationTest" name="testgetUserCheckinDetailsWithMandatoryFields"/>
  <testcase time="0.668" classname="org.wso2.carbon.connector.integration.test.foursquare.FoursquareConnectorIntegrationTest" name="testgetUserCheckinsWithNegativeCase"/>
  <testcase time="0.827" classname="org.wso2.carbon.connector.integration.test.foursquare.FoursquareConnectorIntegrationTest" name="testgetUserCheckinsWithOptionalFields"/>
</testsuite>